Script started on Wed 28 Dec 2011 02:13:48 PM PST
]0;mo@sciencemachine: /revmo@sciencemachine:/rev$ cpan
Terminal does not support AddHistory.

cpan shell -- CPAN exploration and modules installation (v1.9456)
Enter 'h' for help.

[4mcpan[1]> [24m[1minstall Bundle::CPAN
[0mGoing to read '/home/mo/.cpan/Metadata'
  Database was generated on Tue, 27 Dec 2011 19:10:29 GMT
Fetching with LWP:
http://gd.tuwien.ac.at/languages/perl/CPAN/authors/id/A/AN/ANDK/Bundle-CPAN-1.858.tar.gz
Fetching with LWP:
http://gd.tuwien.ac.at/languages/perl/CPAN/authors/id/A/AN/ANDK/CHECKSUMS
Checksum for /home/mo/.cpan/sources/authors/id/A/AN/ANDK/Bundle-CPAN-1.858.tar.gz ok
Scanning cache /home/mo/.cpan/build for sizes
............................................................................DONE
Running install for module 'Test::Harness'
Running make for A/AN/ANDYA/Test-Harness-3.23.tar.gz
Fetching with LWP:
http://gd.tuwien.ac.at/languages/perl/CPAN/authors/id/A/AN/ANDYA/Test-Harness-3.23.tar.gz
Fetching with LWP:
http://gd.tuwien.ac.at/languages/perl/CPAN/authors/id/A/AN/ANDYA/CHECKSUMS
Checksum for /home/mo/.cpan/sources/authors/id/A/AN/ANDYA/Test-Harness-3.23.tar.gz ok

  CPAN.pm: Going to build A/AN/ANDYA/Test-Harness-3.23.tar.gz

CPAN::Reporter not installed.  No reports will be sent.
Checking if your kit is complete...
Looks good
Writing Makefile for Test::Harness
cp lib/TAP/Parser/Result/Pragma.pm blib/lib/TAP/Parser/Result/Pragma.pm
cp lib/TAP/Parser/Iterator/Array.pm blib/lib/TAP/Parser/Iterator/Array.pm
cp lib/App/Prove/State/Result.pm blib/lib/App/Prove/State/Result.pm
cp lib/TAP/Base.pm blib/lib/TAP/Base.pm
cp lib/TAP/Formatter/Console/ParallelSession.pm blib/lib/TAP/Formatter/Console/ParallelSession.pm
cp lib/TAP/Parser/Result.pm blib/lib/TAP/Parser/Result.pm
cp lib/TAP/Formatter/Console/Session.pm blib/lib/TAP/Formatter/Console/Session.pm
cp lib/TAP/Parser/Result/YAML.pm blib/lib/TAP/Parser/Result/YAML.pm
cp lib/TAP/Parser/Scheduler/Job.pm blib/lib/TAP/Parser/Scheduler/Job.pm
cp lib/TAP/Parser.pm blib/lib/TAP/Parser.pm
cp lib/TAP/Parser/SourceHandler/Handle.pm blib/lib/TAP/Parser/SourceHandler/Handle.pm
cp lib/TAP/Parser/IteratorFactory.pm blib/lib/TAP/Parser/IteratorFactory.pm
cp lib/TAP/Parser/Iterator.pm blib/lib/TAP/Parser/Iterator.pm
cp lib/TAP/Formatter/Color.pm blib/lib/TAP/Formatter/Color.pm
cp lib/TAP/Parser/Iterator/Process.pm blib/lib/TAP/Parser/Iterator/Process.pm
cp lib/TAP/Parser/Grammar.pm blib/lib/TAP/Parser/Grammar.pm
cp HACKING.pod blib/lib/Test/HACKING.pod
cp lib/Test/Harness.pm blib/lib/Test/Harness.pm
cp lib/TAP/Formatter/File/Session.pm blib/lib/TAP/Formatter/File/Session.pm
cp lib/TAP/Formatter/Base.pm blib/lib/TAP/Formatter/Base.pm
cp lib/TAP/Parser/Utils.pm blib/lib/TAP/Parser/Utils.pm
cp lib/TAP/Parser/ResultFactory.pm blib/lib/TAP/Parser/ResultFactory.pm
cp lib/TAP/Parser/Result/Bailout.pm blib/lib/TAP/Parser/Result/Bailout.pm
cp lib/TAP/Object.pm blib/lib/TAP/Object.pm
cp lib/TAP/Parser/Multiplexer.pm blib/lib/TAP/Parser/Multiplexer.pm
cp lib/TAP/Parser/SourceHandler/Perl.pm blib/lib/TAP/Parser/SourceHandler/Perl.pm
cp lib/TAP/Parser/Result/Version.pm blib/lib/TAP/Parser/Result/Version.pm
cp lib/TAP/Parser/YAMLish/Writer.pm blib/lib/TAP/Parser/YAMLish/Writer.pm
cp lib/TAP/Parser/Result/Unknown.pm blib/lib/TAP/Parser/Result/Unknown.pm
cp lib/TAP/Parser/YAMLish/Reader.pm blib/lib/TAP/Parser/YAMLish/Reader.pm
cp lib/TAP/Parser/Scheduler.pm blib/lib/TAP/Parser/Scheduler.pm
cp lib/TAP/Parser/Result/Plan.pm blib/lib/TAP/Parser/Result/Plan.pm
cp lib/TAP/Parser/SourceHandler.pm blib/lib/TAP/Parser/SourceHandler.pm
cp lib/TAP/Parser/SourceHandler/Executable.pm blib/lib/TAP/Parser/SourceHandler/Executable.pm
cp lib/TAP/Parser/Result/Test.pm blib/lib/TAP/Parser/Result/Test.pm
cp lib/App/Prove/State/Result/Test.pm blib/lib/App/Prove/State/Result/Test.pm
cp lib/TAP/Parser/SourceHandler/RawTAP.pm blib/lib/TAP/Parser/SourceHandler/RawTAP.pm
cp lib/TAP/Parser/Source.pm blib/lib/TAP/Parser/Source.pm
cp lib/TAP/Formatter/Console.pm blib/lib/TAP/Formatter/Console.pm
cp lib/TAP/Parser/Iterator/Stream.pm blib/lib/TAP/Parser/Iterator/Stream.pm
cp lib/TAP/Parser/SourceHandler/File.pm blib/lib/TAP/Parser/SourceHandler/File.pm
cp lib/TAP/Harness/Beyond.pod blib/lib/TAP/Harness/Beyond.pod
cp lib/TAP/Formatter/Session.pm blib/lib/TAP/Formatter/Session.pm
cp lib/App/Prove.pm blib/lib/App/Prove.pm
cp lib/App/Prove/State.pm blib/lib/App/Prove/State.pm
cp lib/TAP/Harness.pm blib/lib/TAP/Harness.pm
cp lib/TAP/Formatter/File.pm blib/lib/TAP/Formatter/File.pm
cp lib/TAP/Parser/Aggregator.pm blib/lib/TAP/Parser/Aggregator.pm
cp lib/TAP/Parser/Scheduler/Spinner.pm blib/lib/TAP/Parser/Scheduler/Spinner.pm
cp lib/TAP/Parser/Result/Comment.pm blib/lib/TAP/Parser/Result/Comment.pm
cp bin/prove blib/script/prove
/usr/bin/perl -MExtUtils::MY -e 'MY->fixin(shift)' -- blib/script/prove
Manifying blib/man1/prove.1p
Manifying blib/man3/TAP::Parser::Result::Pragma.3pm
Manifying blib/man3/App::Prove::State::Result.3pm
Manifying blib/man3/TAP::Parser::Iterator::Array.3pm
Manifying blib/man3/TAP::Base.3pm
Manifying blib/man3/TAP::Formatter::Console::ParallelSession.3pm
Manifying blib/man3/TAP::Parser::Result.3pm
Manifying blib/man3/TAP::Formatter::Console::Session.3pm
Manifying blib/man3/TAP::Parser::Scheduler::Job.3pm
Manifying blib/man3/TAP::Parser::Result::YAML.3pm
Manifying blib/man3/TAP::Parser.3pm
Manifying blib/man3/TAP::Parser::SourceHandler::Handle.3pm
Manifying blib/man3/TAP::Parser::IteratorFactory.3pm
Manifying blib/man3/TAP::Parser::Iterator.3pm
Manifying blib/man3/TAP::Formatter::Color.3pm
Manifying blib/man3/TAP::Parser::Iterator::Process.3pm
Manifying blib/man3/TAP::Parser::Grammar.3pm
Manifying blib/man3/Test::HACKING.3pm
Manifying blib/man3/Test::Harness.3pm
Manifying blib/man3/TAP::Formatter::Base.3pm
Manifying blib/man3/TAP::Formatter::File::Session.3pm
Manifying blib/man3/TAP::Parser::Result::Bailout.3pm
Manifying blib/man3/TAP::Parser::ResultFactory.3pm
Manifying blib/man3/TAP::Parser::Utils.3pm
Manifying blib/man3/TAP::Parser::SourceHandler::Perl.3pm
Manifying blib/man3/TAP::Parser::Multiplexer.3pm
Manifying blib/man3/TAP::Object.3pm
Manifying blib/man3/TAP::Parser::YAMLish::Writer.3pm
Manifying blib/man3/TAP::Parser::Result::Version.3pm
Manifying blib/man3/TAP::Parser::Result::Unknown.3pm
Manifying blib/man3/TAP::Parser::YAMLish::Reader.3pm
Manifying blib/man3/TAP::Parser::Scheduler.3pm
Manifying blib/man3/TAP::Parser::Result::Plan.3pm
Manifying blib/man3/TAP::Parser::SourceHandler.3pm
Manifying blib/man3/TAP::Parser::SourceHandler::Executable.3pm
Manifying blib/man3/TAP::Parser::Result::Test.3pm
Manifying blib/man3/App::Prove::State::Result::Test.3pm
Manifying blib/man3/TAP::Parser::SourceHandler::RawTAP.3pm
Manifying blib/man3/TAP::Formatter::Console.3pm
Manifying blib/man3/TAP::Parser::Source.3pm
Manifying blib/man3/TAP::Parser::Result::Comment.3pm
Manifying blib/man3/TAP::Parser::Iterator::Stream.3pm
Manifying blib/man3/TAP::Parser::SourceHandler::File.3pm
Manifying blib/man3/TAP::Harness::Beyond.3pm
Manifying blib/man3/TAP::Formatter::Session.3pm
Manifying blib/man3/App::Prove::State.3pm
Manifying blib/man3/App::Prove.3pm
Manifying blib/man3/TAP::Harness.3pm
Manifying blib/man3/TAP::Formatter::File.3pm
Manifying blib/man3/TAP::Parser::Aggregator.3pm
Manifying blib/man3/TAP::Parser::Scheduler::Spinner.3pm
  ANDYA/Test-Harness-3.23.tar.gz
  /usr/bin/make -- OK
'YAML' not installed, will not store persistent state
Running make test
PERL_DL_NONLAZY=1 /usr/bin/perl "-Iblib/lib" "-Iblib/arch" "-MExtUtils::Command::MM" "-e" "test_harness(0, 'blib/lib', 'blib/arch')" t/*.t t/compat/*.t
t/000-load.t .................... t/000-load.t .................... 1/97 # Testing Test::Harness 3.23, Perl 5.012004, /usr/bin/perl
                                         t/000-load.t .................... ok
t/aggregator.t .................. t/aggregator.t .................. 1/81                                          t/aggregator.t .................. ok
t/bailout.t ..................... t/bailout.t ..................... 1/33                                          t/bailout.t ..................... ok
t/base.t ........................ t/base.t ........................ 1/38                                          t/base.t ........................ ok
t/callbacks.t ................... t/callbacks.t ................... 1/10                                          t/callbacks.t ................... ok
t/compat/env.t .................. t/compat/env.t .................. 1/1                                        t/compat/env.t .................. ok
t/compat/failure.t .............. t/compat/failure.t .............. 1/5                                        t/compat/failure.t .............. ok
t/compat/inc-propagation.t ...... t/compat/inc-propagation.t ...... 1/2                                        t/compat/inc-propagation.t ...... ok
t/compat/inc_taint.t ............ t/compat/inc_taint.t ............ 1/1                                        t/compat/inc_taint.t ............ ok
t/compat/nonumbers.t ............ t/compat/nonumbers.t ............ 1/6                                        t/compat/nonumbers.t ............ ok
t/compat/regression.t ........... t/compat/regression.t ........... 1/1                                        t/compat/regression.t ........... ok
t/compat/subclass.t ............. t/compat/subclass.t ............. 1/1                                        t/compat/subclass.t ............. ok
t/compat/switches.t ............. t/compat/switches.t ............. 1/4                                        t/compat/switches.t ............. ok
t/compat/test-harness-compat.t .. t/compat/test-harness-compat.t .. 1/120 t/compat/test-harness-compat.t .. 5/120                                            t/compat/test-harness-compat.t .. ok
t/compat/version.t .............. t/compat/version.t .............. 1/2                                        t/compat/version.t .............. ok
t/console.t ..................... t/console.t ..................... 1/6                                        t/console.t ..................... ok
t/errors.t ...................... t/errors.t ...................... 1/23                                          t/errors.t ...................... ok
t/file.t ........................ t/file.t ........................ 1/56                                          t/file.t ........................ ok
t/glob-to-regexp.t .............. t/glob-to-regexp.t .............. 1/20                                          t/glob-to-regexp.t .............. ok
t/grammar.t ..................... t/grammar.t ..................... 1/94                                          t/grammar.t ..................... ok
t/harness-bailout.t ............. t/harness-bailout.t ............. 1/4 t/harness-bailout.t ............. 3/4                                        t/harness-bailout.t ............. ok
t/harness-subclass.t ............ t/harness-subclass.t ............ 1/13                                          t/harness-subclass.t ............ ok
t/harness.t ..................... t/harness.t ..................... 1/128 t/harness.t ..................... 4/128                                            t/harness.t ..................... ok
t/iterator_factory.t ............ t/iterator_factory.t ............ 1/42                                          t/iterator_factory.t ............ ok
t/iterators.t ................... t/iterators.t ................... 1/76                                          t/iterators.t ................... ok
t/multiplexer.t ................. t/multiplexer.t ................. 1/?                                         t/multiplexer.t ................. ok
t/nested.t ...................... t/nested.t ...................... 1/5                                        t/nested.t ...................... ok
t/nofork-mux.t .................. t/nofork-mux.t .................. 1/?                                         t/nofork-mux.t .................. ok
t/nofork.t ...................... t/nofork.t ...................... 1/?                                        t/nofork.t ...................... ok
t/object.t ...................... t/object.t ...................... 1/7                                        t/object.t ...................... ok
t/parse.t ....................... t/parse.t ....................... 1/294                                            t/parse.t ....................... ok
t/parser-config.t ............... t/parser-config.t ............... 1/5                                        t/parser-config.t ............... ok
t/parser-subclass.t ............. t/parser-subclass.t ............. 1/14                                          t/parser-subclass.t ............. ok
t/perl5lib.t .................... t/perl5lib.t .................... 1/1                                        t/perl5lib.t .................... ok
t/premature-bailout.t ........... t/premature-bailout.t ........... 1/14                                          t/premature-bailout.t ........... ok
t/process.t ..................... t/process.t ..................... 1/27 t/process.t ..................... 24/27                                          t/process.t ..................... ok
t/prove.t ....................... t/prove.t ....................... 1/1809                                              t/prove.t ....................... ok
t/proveenv.t .................... t/proveenv.t .................... 1/2                                        t/proveenv.t .................... ok
t/proverc.t ..................... t/proverc.t ..................... 1/1                                        t/proverc.t ..................... ok
t/proverun.t .................... t/proverun.t .................... 1/6                                        t/proverun.t .................... ok
t/proveversion.t ................ t/proveversion.t ................ 1/1                                        t/proveversion.t ................ ok
t/regression.t .................. t/regression.t .................. 1/? t/regression.t .................. 79/? t/regression.t .................. 3772/? t/regression.t .................. 3942/?                                           t/regression.t .................. ok
t/results.t ..................... t/results.t ..................... 1/227                                            t/results.t ..................... ok
t/scheduler.t ................... t/scheduler.t ................... 1/282 t/scheduler.t ................... 209/282                                            t/scheduler.t ................... ok
t/source.t ...................... t/source.t ...................... 1/45                                          t/source.t ...................... ok
t/source_handler.t .............. t/source_handler.t .............. 1/79                                          t/source_handler.t .............. ok
t/spool.t ....................... t/spool.t ....................... 1/4                                        t/spool.t ....................... ok
t/state.t ....................... t/state.t ....................... 1/28                                          t/state.t ....................... ok
t/state_results.t ............... t/state_results.t ............... 1/25                                          t/state_results.t ............... ok
t/streams.t ..................... t/streams.t ..................... 1/49                                          t/streams.t ..................... ok
t/taint.t ....................... t/taint.t ....................... 1/1                                        t/taint.t ....................... ok
t/testargs.t .................... t/testargs.t .................... 1/21                                          t/testargs.t .................... ok
t/unicode.t ..................... t/unicode.t ..................... 1/?                                         t/unicode.t ..................... ok
t/utils.t ....................... t/utils.t ....................... 1/10                                          t/utils.t ....................... ok
t/yamlish-output.t .............. t/yamlish-output.t .............. 1/9                                        t/yamlish-output.t .............. ok
t/yamlish-writer.t .............. t/yamlish-writer.t .............. 1/102                                            t/yamlish-writer.t .............. ok
t/yamlish.t ..................... t/yamlish.t ..................... 1/205                                            t/yamlish.t ..................... ok
All tests successful.
Files=57, Tests=11745, 13 wallclock secs ( 1.32 usr  0.15 sys +  6.23 cusr  0.92 csys =  8.62 CPU)
Result: PASS
  ANDYA/Test-Harness-3.23.tar.gz
  /usr/bin/make test -- OK
Running make install
!!!!!!!!!!!!!!!!!!!!!!!!!!!!!!!!!!!!!!!!!!!!!!!!!!!!!!!!!!!!!!!!!!!!!!!!
ERROR: Can't create '/usr/bin'
Do not have write permissions on '/usr/bin'
!!!!!!!!!!!!!!!!!!!!!!!!!!!!!!!!!!!!!!!!!!!!!!!!!!!!!!!!!!!!!!!!!!!!!!!!
 at -e line 1
make: *** [pure_perl_install] Error 13
  ANDYA/Test-Harness-3.23.tar.gz
  /usr/bin/make install  -- NOT OK
----
  You may have to su to root to install the package
  (Or you may want to run something like
    o conf make_install_make_command 'sudo make'
  to raise your permissions.Running install for module 'ExtUtils::CBuilder'
Running make for D/DA/DAGOLDEN/ExtUtils-CBuilder-0.280202.tar.gz
Fetching with LWP:
http://gd.tuwien.ac.at/languages/perl/CPAN/authors/id/D/DA/DAGOLDEN/ExtUtils-CBuilder-0.280202.tar.gz
Checksum for /home/mo/.cpan/sources/authors/id/D/DA/DAGOLDEN/ExtUtils-CBuilder-0.280202.tar.gz ok

  CPAN.pm: Going to build D/DA/DAGOLDEN/ExtUtils-CBuilder-0.280202.tar.gz

Checking if your kit is complete...
Looks good
Writing Makefile for ExtUtils::CBuilder
cp lib/ExtUtils/CBuilder.pm blib/lib/ExtUtils/CBuilder.pm
cp lib/ExtUtils/CBuilder/Platform/Windows.pm blib/lib/ExtUtils/CBuilder/Platform/Windows.pm
cp lib/ExtUtils/CBuilder/Platform/aix.pm blib/lib/ExtUtils/CBuilder/Platform/aix.pm
cp lib/ExtUtils/CBuilder/Platform/cygwin.pm blib/lib/ExtUtils/CBuilder/Platform/cygwin.pm
cp lib/ExtUtils/CBuilder/Platform/Windows/GCC.pm blib/lib/ExtUtils/CBuilder/Platform/Windows/GCC.pm
cp lib/ExtUtils/CBuilder/Platform/VMS.pm blib/lib/ExtUtils/CBuilder/Platform/VMS.pm
cp lib/ExtUtils/CBuilder/Platform/Unix.pm blib/lib/ExtUtils/CBuilder/Platform/Unix.pm
cp lib/ExtUtils/CBuilder/Platform/Windows/BCC.pm blib/lib/ExtUtils/CBuilder/Platform/Windows/BCC.pm
cp lib/ExtUtils/CBuilder/Platform/Windows/MSVC.pm blib/lib/ExtUtils/CBuilder/Platform/Windows/MSVC.pm
cp lib/ExtUtils/CBuilder/Platform/darwin.pm blib/lib/ExtUtils/CBuilder/Platform/darwin.pm
cp lib/ExtUtils/CBuilder/Platform/os2.pm blib/lib/ExtUtils/CBuilder/Platform/os2.pm
cp lib/ExtUtils/CBuilder/Platform/dec_osf.pm blib/lib/ExtUtils/CBuilder/Platform/dec_osf.pm
cp lib/ExtUtils/CBuilder/Base.pm blib/lib/ExtUtils/CBuilder/Base.pm
Manifying blib/man3/ExtUtils::CBuilder::Platform::Windows.3pm
Manifying blib/man3/ExtUtils::CBuilder.3pm
  DAGOLDEN/ExtUtils-CBuilder-0.280202.tar.gz
  /usr/bin/make -- OK
Running make test
PERL_DL_NONLAZY=1 /usr/bin/perl "-MExtUtils::Command::MM" "-e" "test_harness(0, 'blib/lib', 'blib/arch')" t/*.t
t/00-have-compiler.t .. t/00-have-compiler.t .. 1/7                              t/00-have-compiler.t .. ok
t/01-basic.t .......... t/01-basic.t .......... 1/12                                t/01-basic.t .......... ok
t/02-link.t ........... t/02-link.t ........... 1/8                              t/02-link.t ........... ok
t/03-cplusplus.t ...... t/03-cplusplus.t ...... 1/7                              t/03-cplusplus.t ...... ok
t/04-base.t ........... t/04-base.t ........... 1/50 t/04-base.t ........... 37/50                                t/04-base.t ........... ok
All tests successful.
Files=5, Tests=84,  3 wallclock secs ( 0.04 usr  0.01 sys +  0.81 cusr  0.12 csys =  0.98 CPU)
Result: PASS
  DAGOLDEN/ExtUtils-CBuilder-0.280202.tar.gz
  /usr/bin/make test -- OK
Running make install
Manifying blib/man3/ExtUtils::CBuilder::Platform::Windows.3pm
Manifying blib/man3/ExtUtils::CBuilder.3pm
!!!!!!!!!!!!!!!!!!!!!!!!!!!!!!!!!!!!!!!!!!!!!!!!!!!!!!!!!!!!!!!!!!!!!!!!
ERROR: Can't create '/usr/local/man/man3'
mkdir /usr/local/man/man3: Permission denied at /usr/share/perl/5.12/ExtUtils/Install.pm line 494

!!!!!!!!!!!!!!!!!!!!!!!!!!!!!!!!!!!!!!!!!!!!!!!!!!!!!!!!!!!!!!!!!!!!!!!!
 at -e line 1
make: *** [pure_site_install] Error 13
  DAGOLDEN/ExtUtils-CBuilder-0.280202.tar.gz
  /usr/bin/make install  -- NOT OK
Running install for module 'ExtUtils::MakeMaker'
Running make for M/MS/MSCHWERN/ExtUtils-MakeMaker-6.62.tar.gz
Fetching with LWP:
http://gd.tuwien.ac.at/languages/perl/CPAN/authors/id/M/MS/MSCHWERN/ExtUtils-MakeMaker-6.62.tar.gz
Fetching with LWP:
http://gd.tuwien.ac.at/languages/perl/CPAN/authors/id/M/MS/MSCHWERN/CHECKSUMS
Checksum for /home/mo/.cpan/sources/authors/id/M/MS/MSCHWERN/ExtUtils-MakeMaker-6.62.tar.gz ok

  CPAN.pm: Going to build M/MS/MSCHWERN/ExtUtils-MakeMaker-6.62.tar.gz

Using included version of CPAN::Meta (2.112150) because it is not already installed.
Using included version of JSON::PP (2.27104) because it is not already installed.
Using included version of JSON::PP::Compat5006 (1.09) because it is not already installed.
Using included version of CPAN::Meta::YAML (0.003) because it is not already installed.
Using included version of version (0.88) as it is newer than the installed version (0.82).
Using included version of ExtUtils::Manifest (1.58) as it is newer than the installed version (1.57).
Using included version of Parse::CPAN::Meta (1.4401) as it is newer than the installed version (1.40).
Using included version of Version::Requirements (0.101020) because it is not already installed.
Checking if your kit is complete...
Looks good
Writing Makefile for ExtUtils::MakeMaker
Writing MYMETA.yml and MYMETA.json
cp inc/ExtUtils/Manifest.pm blib/lib/ExtUtils/Manifest.pm
cp lib/ExtUtils/MM_VOS.pm blib/lib/ExtUtils/MM_VOS.pm
cp lib/ExtUtils/Mksymlists.pm blib/lib/ExtUtils/Mksymlists.pm
cp lib/ExtUtils/MM.pm blib/lib/ExtUtils/MM.pm
cp inc/JSON/PP.pm blib/lib/JSON/PP.pm
cp lib/ExtUtils/MM_UWIN.pm blib/lib/ExtUtils/MM_UWIN.pm
cp lib/ExtUtils/testlib.pm blib/lib/ExtUtils/testlib.pm
cp lib/ExtUtils/MM_Cygwin.pm blib/lib/ExtUtils/MM_Cygwin.pm
cp lib/ExtUtils/MM_DOS.pm blib/lib/ExtUtils/MM_DOS.pm
cp inc/version/vpp.pm blib/lib/version/vpp.pm
cp lib/ExtUtils/MM_Win95.pm blib/lib/ExtUtils/MM_Win95.pm
cp lib/ExtUtils/Liblist.pm blib/lib/ExtUtils/Liblist.pm
cp lib/ExtUtils/MM_AIX.pm blib/lib/ExtUtils/MM_AIX.pm
cp lib/ExtUtils/MM_Darwin.pm blib/lib/ExtUtils/MM_Darwin.pm
cp lib/ExtUtils/Liblist/Kid.pm blib/lib/ExtUtils/Liblist/Kid.pm
cp lib/ExtUtils/Mkbootstrap.pm blib/lib/ExtUtils/Mkbootstrap.pm
cp lib/ExtUtils/MakeMaker/FAQ.pod blib/lib/ExtUtils/MakeMaker/FAQ.pod
cp inc/ExtUtils/MANIFEST.SKIP blib/lib/ExtUtils/MANIFEST.SKIP
cp lib/ExtUtils/MM_NW5.pm blib/lib/ExtUtils/MM_NW5.pm
cp lib/ExtUtils/MM_OS2.pm blib/lib/ExtUtils/MM_OS2.pm
cp lib/ExtUtils/MakeMaker.pm blib/lib/ExtUtils/MakeMaker.pm
cp inc/version.pm blib/lib/version.pm
cp inc/CPAN/Meta/Feature.pm blib/lib/CPAN/Meta/Feature.pm
cp inc/version/Internals.pod blib/lib/version/Internals.pod
cp lib/ExtUtils/MM_Unix.pm blib/lib/ExtUtils/MM_Unix.pm
cp inc/JSON/PP/Boolean.pm blib/lib/JSON/PP/Boolean.pm
cp lib/ExtUtils/MM_Win32.pm blib/lib/ExtUtils/MM_Win32.pm
cp inc/CPAN/Meta/Spec.pm blib/lib/CPAN/Meta/Spec.pm
cp inc/CPAN/Meta/History.pm blib/lib/CPAN/Meta/History.pm
cp lib/ExtUtils/MY.pm blib/lib/ExtUtils/MY.pm
cp lib/ExtUtils/MM_MacOS.pm blib/lib/ExtUtils/MM_MacOS.pm
cp lib/ExtUtils/MM_VMS.pm blib/lib/ExtUtils/MM_VMS.pm
cp lib/ExtUtils/MM_BeOS.pm blib/lib/ExtUtils/MM_BeOS.pm
cp lib/ExtUtils/MakeMaker/Tutorial.pod blib/lib/ExtUtils/MakeMaker/Tutorial.pod
cp lib/ExtUtils/MM_QNX.pm blib/lib/ExtUtils/MM_QNX.pm
cp inc/CPAN/Meta/YAML.pm blib/lib/CPAN/Meta/YAML.pm
cp inc/CPAN/Meta/Converter.pm blib/lib/CPAN/Meta/Converter.pm
cp lib/ExtUtils/Command/MM.pm blib/lib/ExtUtils/Command/MM.pm
cp lib/ExtUtils/MakeMaker/Config.pm blib/lib/ExtUtils/MakeMaker/Config.pm
cp inc/JSON/PP/Compat5006.pm blib/lib/JSON/PP/Compat5006.pm
cp inc/CPAN/Meta.pm blib/lib/CPAN/Meta.pm
cp inc/Parse/CPAN/Meta.pm blib/lib/Parse/CPAN/Meta.pm
cp inc/CPAN/Meta/Prereqs.pm blib/lib/CPAN/Meta/Prereqs.pm
cp inc/CPAN/Meta/Validator.pm blib/lib/CPAN/Meta/Validator.pm
cp inc/Version/Requirements.pm blib/lib/Version/Requirements.pm
cp inc/version.pod blib/lib/version.pod
cp lib/ExtUtils/MM_Any.pm blib/lib/ExtUtils/MM_Any.pm
cp bin/instmodsh blib/script/instmodsh
/usr/bin/perl "-Iblib/arch" "-Iblib/lib" -MExtUtils::MY -e 'MY->fixin(shift)' -- blib/script/instmodsh
Manifying blib/man1/instmodsh.1p
Manifying blib/man3/ExtUtils::Manifest.3pm
Manifying blib/man3/ExtUtils::MM_VOS.3pm
Manifying blib/man3/ExtUtils::Mksymlists.3pm
Manifying blib/man3/ExtUtils::MM.3pm
Manifying blib/man3/JSON::PP.3pm
Manifying blib/man3/ExtUtils::MM_UWIN.3pm
Manifying blib/man3/ExtUtils::testlib.3pm
Manifying blib/man3/ExtUtils::MM_Cygwin.3pm
Manifying blib/man3/ExtUtils::MM_DOS.3pm
Manifying blib/man3/ExtUtils::MM_Win95.3pm
Manifying blib/man3/ExtUtils::Liblist.3pm
Manifying blib/man3/ExtUtils::MM_AIX.3pm
Manifying blib/man3/ExtUtils::MM_Darwin.3pm
Manifying blib/man3/ExtUtils::Mkbootstrap.3pm
Manifying blib/man3/ExtUtils::MakeMaker::FAQ.3pm
Manifying blib/man3/ExtUtils::MM_NW5.3pm
Manifying blib/man3/ExtUtils::MM_OS2.3pm
Manifying blib/man3/ExtUtils::MakeMaker.3pm
Manifying blib/man3/CPAN::Meta::Feature.3pm
Manifying blib/man3/version::Internals.3pm
Manifying blib/man3/ExtUtils::MM_Unix.3pm
Manifying blib/man3/JSON::PP::Boolean.3pm
Manifying blib/man3/ExtUtils::MM_Win32.3pm
Manifying blib/man3/CPAN::Meta::Spec.3pm
Manifying blib/man3/CPAN::Meta::History.3pm
Manifying blib/man3/ExtUtils::MY.3pm
Manifying blib/man3/ExtUtils::MM_MacOS.3pm
Manifying blib/man3/ExtUtils::MM_VMS.3pm
Manifying blib/man3/ExtUtils::MM_BeOS.3pm
Manifying blib/man3/ExtUtils::MakeMaker::Tutorial.3pm
Manifying blib/man3/CPAN::Meta::YAML.3pm
Manifying blib/man3/ExtUtils::MM_QNX.3pm
Manifying blib/man3/CPAN::Meta::Converter.3pm
Manifying blib/man3/ExtUtils::Command::MM.3pm
Manifying blib/man3/JSON::PP::Compat5006.3pm
Manifying blib/man3/ExtUtils::MakeMaker::Config.3pm
Manifying blib/man3/CPAN::Meta.3pm
Manifying blib/man3/CPAN::Meta::Prereqs.3pm
Manifying blib/man3/Parse::CPAN::Meta.3pm
Manifying blib/man3/Version::Requirements.3pm
Manifying blib/man3/CPAN::Meta::Validator.3pm
Manifying blib/man3/version.3pm
Manifying blib/man3/ExtUtils::MM_Any.3pm
  MSCHWERN/ExtUtils-MakeMaker-6.62.tar.gz
  /usr/bin/make -- OK
Running make test
PERL_DL_NONLAZY=1 /usr/bin/perl "-Iblib/arch" "-Iblib/lib" "-MExtUtils::Command::MM" "-e" "test_harness(0, 'blib/lib', 'blib/arch')" t/*.t
t/00compile.t ............. t/00compile.t ............. 1/52                                    t/00compile.t ............. ok
t/arch_check.t ............ t/arch_check.t ............ 1/?                                  t/arch_check.t ............ ok
t/backwards.t ............. t/backwards.t ............. 1/2                                  t/backwards.t ............. ok
t/basic.t ................. t/basic.t ................. 1/171 t/basic.t ................. 22/171 t/basic.t ................. 53/171 t/basic.t ................. 62/171 t/basic.t ................. 144/171 t/basic.t ................. 167/171                                      t/basic.t ................. ok
t/build_man.t ............. t/build_man.t ............. 1/9                                  t/build_man.t ............. ok
t/cd.t .................... t/cd.t .................... 1/4                                  t/cd.t .................... ok
t/config.t ................ t/config.t ................ 1/3                                  t/config.t ................ ok
t/dir_target.t ............ t/dir_target.t ............ 1/1                                  t/dir_target.t ............ ok
t/FIRST_MAKEFILE.t ........ t/FIRST_MAKEFILE.t ........ 1/7 t/FIRST_MAKEFILE.t ........ 3/7                                  t/FIRST_MAKEFILE.t ........ ok
t/fix_libs.t .............. t/fix_libs.t .............. 1/?                                  t/fix_libs.t .............. ok
t/fixin.t ................. t/fixin.t ................. 1/22                                    t/fixin.t ................. ok
t/hints.t ................. t/hints.t ................. 1/3                                  t/hints.t ................. ok
t/INST.t .................. t/INST.t .................. 1/26                                    t/INST.t .................. ok
t/INST_PREFIX.t ........... t/INST_PREFIX.t ........... 1/52 t/INST_PREFIX.t ........... 3/52                                    t/INST_PREFIX.t ........... ok
t/INSTALL_BASE.t .......... t/INSTALL_BASE.t .......... 1/20 t/INSTALL_BASE.t .......... 5/20                                    t/INSTALL_BASE.t .......... ok
t/installed_file.t ........ t/installed_file.t ........ 1/?                                  t/installed_file.t ........ ok
t/is_of_type.t ............ t/is_of_type.t ............ 1/?                                   t/is_of_type.t ............ ok
t/Liblist.t ............... t/Liblist.t ............... 1/6                                  t/Liblist.t ............... ok
t/Liblist_Kid.t ........... t/Liblist_Kid.t ........... 1/?                                  t/Liblist_Kid.t ........... ok
t/make.t .................. t/make.t .................. 1/3                                  t/make.t .................. ok
t/MakeMaker_Parameters.t .. t/MakeMaker_Parameters.t .. 1/?                                  t/MakeMaker_Parameters.t .. ok
t/maketext_filter.t ....... t/maketext_filter.t ....... 1/6                                  t/maketext_filter.t ....... ok
t/meta_convert.t .......... t/meta_convert.t .......... 1/?                                   t/meta_convert.t .......... ok
t/metafile_data.t ......... t/metafile_data.t ......... 1/19                                    t/metafile_data.t ......... ok
t/metafile_file.t ......... t/metafile_file.t ......... 1/16                                    t/metafile_file.t ......... ok
t/min_perl_version.t ...... t/min_perl_version.t ...... 1/32                                    t/min_perl_version.t ...... ok
t/miniperl.t ..............                                  t/miniperl.t .............. skipped: miniperl test only necessary for the perl core
t/Mkbootstrap.t ........... t/Mkbootstrap.t ........... 1/18                                    t/Mkbootstrap.t ........... ok
t/MM_Any.t ................ t/MM_Any.t ................ 1/7                                  t/MM_Any.t ................ ok
t/MM_BeOS.t ...............                                  t/MM_BeOS.t ............... skipped: This is not BeOS
t/MM_Cygwin.t .............                                  t/MM_Cygwin.t ............. skipped: This is not cygwin
t/MM_NW5.t ................                                  t/MM_NW5.t ................ skipped: This is not NW5
t/MM_OS2.t ................                                  t/MM_OS2.t ................ skipped: This is not OS/2
t/MM_Unix.t ............... t/MM_Unix.t ............... 1/110                                      t/MM_Unix.t ............... ok
t/MM_VMS.t ................                                  t/MM_VMS.t ................ skipped: This is not VMS
t/MM_Win32.t ..............                                  t/MM_Win32.t .............. skipped: This is not Win32
t/oneliner.t .............. t/oneliner.t .............. 1/16                                    t/oneliner.t .............. ok
t/parse_abstract.t ........ t/parse_abstract.t ........ 1/?                                  t/parse_abstract.t ........ ok
t/parse_version.t ......... t/parse_version.t ......... 1/124                                      t/parse_version.t ......... ok
t/PL_FILES.t .............. t/PL_FILES.t .............. 1/9 t/PL_FILES.t .............. 2/9                                  t/PL_FILES.t .............. ok
t/pm.t .................... t/pm.t .................... 1/6                                  t/pm.t .................... ok
t/pm_to_blib.t ............ t/pm_to_blib.t ............ 1/? t/pm_to_blib.t ............ 3/? t/pm_to_blib.t ............ 6/? t/pm_to_blib.t ............ 9/?                                   t/pm_to_blib.t ............ ok
t/pod2man.t ............... t/pod2man.t ............... 1/3                                  t/pod2man.t ............... ok
t/postamble.t ............. t/postamble.t ............. 1/8                                  t/postamble.t ............. ok
t/prefixify.t ............. t/prefixify.t ............. 1/4                                  t/prefixify.t ............. ok
t/prereq.t ................ t/prereq.t ................ 1/16 t/prereq.t ................ 4/16                                    t/prereq.t ................ ok
t/prereq_print.t .......... t/prereq_print.t .......... 1/11                                    t/prereq_print.t .......... ok
t/problems.t .............. t/problems.t .............. 1/6                                  t/problems.t .............. ok
t/prompt.t ................ t/prompt.t ................ 1/11                                    t/prompt.t ................ ok
t/recurs.t ................ t/recurs.t ................ 1/26 t/recurs.t ................ 14/26                                    t/recurs.t ................ ok
t/revision.t .............. t/revision.t .............. 1/4                                  t/revision.t .............. ok
t/several_authors.t ....... t/several_authors.t ....... 1/20 t/several_authors.t ....... 4/20                                    t/several_authors.t ....... ok
t/split_command.t ......... t/split_command.t ......... 1/7                                  t/split_command.t ......... ok
t/test_boilerplate.t ...... t/test_boilerplate.t ...... 1/?                                  t/test_boilerplate.t ...... ok
t/testlib.t ............... t/testlib.t ............... 1/5                                  t/testlib.t ............... ok
t/VERSION_FROM.t .......... t/VERSION_FROM.t .......... 1/1                                  t/VERSION_FROM.t .......... ok
t/WriteEmptyMakefile.t .... t/WriteEmptyMakefile.t .... 1/5 t/WriteEmptyMakefile.t .... 5/5                                  t/WriteEmptyMakefile.t .... ok
t/writemakefile_args.t .... t/writemakefile_args.t .... 1/39 t/writemakefile_args.t .... 29/39                                    t/writemakefile_args.t .... ok
t/xs.t .................... t/xs.t .................... 1/5 t/xs.t .................... 4/5                                  t/xs.t .................... ok
All tests successful.
Files=59, Tests=987, 25 wallclock secs ( 0.28 usr  0.07 sys + 18.05 cusr  1.81 csys = 20.21 CPU)
Result: PASS
  MSCHWERN/ExtUtils-MakeMaker-6.62.tar.gz
  /usr/bin/make test -- OK
Running make install
Manifying blib/man1/instmodsh.1p
Manifying blib/man3/ExtUtils::Manifest.3pm
Manifying blib/man3/ExtUtils::MM_VOS.3pm
Manifying blib/man3/ExtUtils::Mksymlists.3pm
Manifying blib/man3/ExtUtils::MM.3pm
Manifying blib/man3/JSON::PP.3pm
Manifying blib/man3/ExtUtils::MM_UWIN.3pm
Manifying blib/man3/ExtUtils::testlib.3pm
Manifying blib/man3/ExtUtils::MM_Cygwin.3pm
Manifying blib/man3/ExtUtils::MM_DOS.3pm
Manifying blib/man3/ExtUtils::MM_Win95.3pm
Manifying blib/man3/ExtUtils::Liblist.3pm
Manifying blib/man3/ExtUtils::MM_AIX.3pm
Manifying blib/man3/ExtUtils::MM_Darwin.3pm
Manifying blib/man3/ExtUtils::Mkbootstrap.3pm
Manifying blib/man3/ExtUtils::MakeMaker::FAQ.3pm
Manifying blib/man3/ExtUtils::MM_NW5.3pm
Manifying blib/man3/ExtUtils::MM_OS2.3pm
Manifying blib/man3/ExtUtils::MakeMaker.3pm
Manifying blib/man3/CPAN::Meta::Feature.3pm
Manifying blib/man3/version::Internals.3pm
!!!!!!!!!!!!!!!!!!!!!!!!!!!!!!!!!!!!!!!!!!!!!!!!!!!!!!!!!!!!!!!!!!!!!!!!
ERROR: Can't create '/usr/bin'
Do not have write permissions on '/usr/bin'
!!!!!!!!!!!!!!!!!!!!!!!!!!!!!!!!!!!!!!!!!!!!!!!!!!!!!!!!!!!!!!!!!!!!!!!!
 at -e line 1
make: *** [pure_perl_install] Error 13
  MSCHWERN/ExtUtils-MakeMaker-6.62.tar.gz
  /usr/bin/make install  -- NOT OK
----
  You may have to su to root to install the package
  (Or you may want to run something like
    o conf make_install_make_command 'sudo make'
  to raise your permissions.Running install for module 'Module::Build'
Running make for D/DA/DAGOLDEN/Module-Build-0.3800.tar.gz
Fetching with LWP:
http://gd.tuwien.ac.at/languages/perl/CPAN/authors/id/D/DA/DAGOLDEN/Module-Build-0.3800.tar.gz
Checksum for /home/mo/.cpan/sources/authors/id/D/DA/DAGOLDEN/Module-Build-0.3800.tar.gz ok

  CPAN.pm: Going to build D/DA/DAGOLDEN/Module-Build-0.3800.tar.gz

*** BOOTSTRAPPING Perl::OSType ***
*** BOOTSTRAPPING Module::Metadata ***
Created MYMETA.yml and MYMETA.json
Creating new 'Build' script for 'Module-Build' version '0.3800'

These additional prerequisites must be installed:
  requires:
    ! Perl::OSType (we need version 1.00)
    ! Module::Metadata (we need version 1.000002)
---- Unsatisfied dependencies detected during ----
----    DAGOLDEN/Module-Build-0.3800.tar.gz   ----
    Module::Metadata [requires]
    Perl::OSType [requires]
Running Build test
  Delayed until after prerequisites
Running Build install
  Delayed until after prerequisites
Running install for module 'File::Spec'
Running make for S/SM/SMUELLER/PathTools-3.33.tar.gz
Fetching with LWP:
http://gd.tuwien.ac.at/languages/perl/CPAN/authors/id/S/SM/SMUELLER/PathTools-3.33.tar.gz
Fetching with LWP:
http://gd.tuwien.ac.at/languages/perl/CPAN/authors/id/S/SM/SMUELLER/CHECKSUMS
Checksum for /home/mo/.cpan/sources/authors/id/S/SM/SMUELLER/PathTools-3.33.tar.gz ok

  CPAN.pm: Going to build S/SM/SMUELLER/PathTools-3.33.tar.gz

Checking if your kit is complete...
Looks good
Writing Makefile for Cwd
cp lib/File/Spec/OS2.pm blib/lib/File/Spec/OS2.pm
cp lib/File/Spec/Mac.pm blib/lib/File/Spec/Mac.pm
cp lib/File/Spec/VMS.pm blib/lib/File/Spec/VMS.pm
cp lib/File/Spec/Cygwin.pm blib/lib/File/Spec/Cygwin.pm
cp lib/File/Spec/Epoc.pm blib/lib/File/Spec/Epoc.pm
cp lib/File/Spec/Functions.pm blib/lib/File/Spec/Functions.pm
cp lib/File/Spec.pm blib/lib/File/Spec.pm
cp Cwd.pm blib/lib/Cwd.pm
cp lib/File/Spec/Unix.pm blib/lib/File/Spec/Unix.pm
cp lib/File/Spec/Win32.pm blib/lib/File/Spec/Win32.pm
/usr/bin/perl /usr/share/perl/5.12/ExtUtils/xsubpp  -typemap /usr/share/perl/5.12/ExtUtils/typemap  Cwd.xs > Cwd.xsc && mv Cwd.xsc Cwd.c
cc -c   -D_REENTRANT -D_GNU_SOURCE -DDEBIAN -fno-strict-aliasing -pipe -fstack-protector -I/usr/local/include -D_LARGEFILE_SOURCE -D_FILE_OFFSET_BITS=64 -O2 -g   -DVERSION=\"3.33\" -DXS_VERSION=\"3.33\" -fPIC "-I/usr/lib/perl/5.12/CORE"   Cwd.c
Running Mkbootstrap for Cwd ()
chmod 644 Cwd.bs
rm -f blib/arch/auto/Cwd/Cwd.so
cc  -shared -O2 -g -L/usr/local/lib -fstack-protector Cwd.o  -o blib/arch/auto/Cwd/Cwd.so 	\
	     	\
	  
chmod 755 blib/arch/auto/Cwd/Cwd.so
cp Cwd.bs blib/arch/auto/Cwd/Cwd.bs
chmod 644 blib/arch/auto/Cwd/Cwd.bs
Manifying blib/man3/File::Spec::Mac.3pm
Manifying blib/man3/File::Spec::OS2.3pm
Manifying blib/man3/File::Spec::VMS.3pm
Manifying blib/man3/File::Spec::Functions.3pm
Manifying blib/man3/File::Spec::Epoc.3pm
Manifying blib/man3/File::Spec::Cygwin.3pm
Manifying blib/man3/File::Spec.3pm
Manifying blib/man3/Cwd.3pm
Manifying blib/man3/File::Spec::Unix.3pm
Manifying blib/man3/File::Spec::Win32.3pm
  SMUELLER/PathTools-3.33.tar.gz
  /usr/bin/make -- OK
Running make test
PERL_DL_NONLAZY=1 /usr/bin/perl "-MExtUtils::Command::MM" "-e" "test_harness(0, 'blib/lib', 'blib/arch')" t/*.t
t/crossplatform.t ....... t/crossplatform.t ....... 1/71                                  t/crossplatform.t ....... ok
t/cwd.t ................. t/cwd.t ................. 1/34                                  t/cwd.t ................. ok
t/Functions.t ........... t/Functions.t ........... 1/2                                t/Functions.t ........... ok
t/rel2abs2rel.t ......... t/rel2abs2rel.t ......... 1/5                                t/rel2abs2rel.t ......... ok
t/rel2abs_vs_symlink.t .. t/rel2abs_vs_symlink.t .. 1/1                                t/rel2abs_vs_symlink.t .. ok
t/Spec.t ................ t/Spec.t ................ 1/599                                    t/Spec.t ................ ok
t/taint.t ............... t/taint.t ............... 1/17                                  t/taint.t ............... ok
t/tmpdir.t .............. t/tmpdir.t .............. 1/4                                t/tmpdir.t .............. ok
t/win32.t ...............                                t/win32.t ............... skipped: this is not win32
All tests successful.
Files=9, Tests=733,  1 wallclock secs ( 0.09 usr  0.02 sys +  0.27 cusr  0.04 csys =  0.42 CPU)
Result: PASS
  SMUELLER/PathTools-3.33.tar.gz
  /usr/bin/make test -- OK
Running make install
Files found in blib/arch: installing files in blib/lib into architecture dependent library tree
!!!!!!!!!!!!!!!!!!!!!!!!!!!!!!!!!!!!!!!!!!!!!!!!!!!!!!!!!!!!!!!!!!!!!!!!
ERROR: Can't create '/usr/lib/perl/5.12'
Do not have write permissions on '/usr/lib/perl/5.12'
!!!!!!!!!!!!!!!!!!!!!!!!!!!!!!!!!!!!!!!!!!!!!!!!!!!!!!!!!!!!!!!!!!!!!!!!
 at -e line 1
make: *** [pure_perl_install] Error 13
  SMUELLER/PathTools-3.33.tar.gz
  /usr/bin/make install  -- NOT OK
----
  You may have to su to root to install the package
  (Or you may want to run something like
    o conf make_install_make_command 'sudo make'
  to raise your permissions.File::Temp is up to date (0.22).
Running install for module 'Scalar::Util'
Running make for G/GB/GBARR/Scalar-List-Utils-1.23.tar.gz
Fetching with LWP:
http://gd.tuwien.ac.at/languages/perl/CPAN/authors/id/G/GB/GBARR/Scalar-List-Utils-1.23.tar.gz
Checksum for /home/mo/.cpan/sources/authors/id/G/GB/GBARR/Scalar-List-Utils-1.23.tar.gz ok

  CPAN.pm: Going to build G/GB/GBARR/Scalar-List-Utils-1.23.tar.gz

Checking if your kit is complete...
Looks good
Writing Makefile for List::Util
Writing MYMETA.yml and MYMETA.json
cp lib/List/Util/XS.pm blib/lib/List/Util/XS.pm
cp lib/Scalar/Util/PP.pm blib/lib/Scalar/Util/PP.pm
cp lib/List/Util/PP.pm blib/lib/List/Util/PP.pm
cp lib/List/Util.pm blib/lib/List/Util.pm
cp lib/Scalar/Util.pm blib/lib/Scalar/Util.pm
/usr/bin/perl /usr/share/perl/5.12/ExtUtils/xsubpp  -typemap /usr/share/perl/5.12/ExtUtils/typemap  ListUtil.xs > ListUtil.xsc && mv ListUtil.xsc ListUtil.c
cc -c   -D_REENTRANT -D_GNU_SOURCE -DDEBIAN -fno-strict-aliasing -pipe -fstack-protector -I/usr/local/include -D_LARGEFILE_SOURCE -D_FILE_OFFSET_BITS=64 -O2 -g   -DVERSION=\"1.23\" -DXS_VERSION=\"1.23\" -fPIC "-I/usr/lib/perl/5.12/CORE"  -DPERL_EXT ListUtil.c
Running Mkbootstrap for List::Util ()
chmod 644 Util.bs
rm -f blib/arch/auto/List/Util/Util.so
cc  -shared -O2 -g -L/usr/local/lib -fstack-protector ListUtil.o  -o blib/arch/auto/List/Util/Util.so 	\
	     	\
	  
chmod 755 blib/arch/auto/List/Util/Util.so
cp Util.bs blib/arch/auto/List/Util/Util.bs
chmod 644 blib/arch/auto/List/Util/Util.bs
Manifying blib/man3/List::Util::XS.3pm
Manifying blib/man3/List::Util.3pm
Manifying blib/man3/Scalar::Util.3pm
  GBARR/Scalar-List-Utils-1.23.tar.gz
  /usr/bin/make -- OK
Running make test
PERL_DL_NONLAZY=1 /usr/bin/perl "-MExtUtils::Command::MM" "-e" "test_harness(0, 'blib/lib', 'blib/arch')" t/*.t
t/00version.t ......... t/00version.t ......... 1/2                              t/00version.t ......... ok
t/blessed.t ........... t/blessed.t ........... 1/11                                t/blessed.t ........... ok
t/dualvar.t ........... t/dualvar.t ........... 1/13                                t/dualvar.t ........... ok
t/expfail.t ........... t/expfail.t ........... 1/3                              t/expfail.t ........... ok
t/first.t ............. t/first.t ............. 1/21                                t/first.t ............. ok
t/isvstring.t ......... t/isvstring.t ......... 1/3                              t/isvstring.t ......... ok
t/lln.t ............... t/lln.t ............... 1/19                                t/lln.t ............... ok
t/max.t ............... t/max.t ............... 1/8 t/max.t ............... 8/8                              t/max.t ............... ok
t/maxstr.t ............ t/maxstr.t ............ 1/5                              t/maxstr.t ............ ok
t/min.t ............... t/min.t ............... 1/8                              t/min.t ............... ok
t/minstr.t ............ t/minstr.t ............ 1/5                              t/minstr.t ............ ok
t/openhan.t ........... t/openhan.t ........... 1/14                                t/openhan.t ........... ok
t/p_00version.t ....... t/p_00version.t ....... 1/2                              t/p_00version.t ....... ok
t/p_blessed.t ......... t/p_blessed.t ......... 1/11                                t/p_blessed.t ......... ok
t/p_first.t ........... t/p_first.t ........... 1/19                                t/p_first.t ........... ok
t/p_lln.t ............. t/p_lln.t ............. 1/19                                t/p_lln.t ............. ok
t/p_max.t ............. t/p_max.t ............. 1/8                              t/p_max.t ............. ok
t/p_maxstr.t .......... t/p_maxstr.t .......... 1/5                              t/p_maxstr.t .......... ok
t/p_min.t ............. t/p_min.t ............. 1/8                              t/p_min.t ............. ok
t/p_minstr.t .......... t/p_minstr.t .......... 1/5                              t/p_minstr.t .......... ok
t/p_openhan.t ......... t/p_openhan.t ......... 1/14                                t/p_openhan.t ......... ok
t/p_readonly.t ........ t/p_readonly.t ........ 1/11                                t/p_readonly.t ........ ok
t/p_reduce.t .......... t/p_reduce.t .......... 1/27                                t/p_reduce.t .......... ok
t/p_refaddr.t ......... t/p_refaddr.t ......... 1/32                                t/p_refaddr.t ......... ok
t/p_reftype.t ......... t/p_reftype.t ......... 1/29                                t/p_reftype.t ......... ok
t/p_shuffle.t ......... t/p_shuffle.t ......... 1/6                              t/p_shuffle.t ......... ok
t/p_sum.t ............. t/p_sum.t ............. 1/8                              t/p_sum.t ............. ok
t/p_tainted.t ......... t/p_tainted.t ......... 1/4                              t/p_tainted.t ......... ok
t/proto.t ............. t/proto.t ............. 1/13                                t/proto.t ............. ok
t/readonly.t .......... t/readonly.t .......... 1/11                                t/readonly.t .......... ok
t/reduce.t ............ t/reduce.t ............ 1/29                                t/reduce.t ............ ok
t/refaddr.t ........... t/refaddr.t ........... 1/32                                t/refaddr.t ........... ok
t/reftype.t ........... t/reftype.t ........... 1/29                                t/reftype.t ........... ok
t/shuffle.t ........... t/shuffle.t ........... 1/6                              t/shuffle.t ........... ok
t/stack-corruption.t .. t/stack-corruption.t .. 1/1                              t/stack-corruption.t .. ok
t/sum.t ............... t/sum.t ............... 1/8                              t/sum.t ............... ok
t/tainted.t ........... t/tainted.t ........... 1/4                              t/tainted.t ........... ok
t/weak.t .............. t/weak.t .............. 1/22                                t/weak.t .............. ok
All tests successful.
Files=38, Tests=475,  2 wallclock secs ( 0.17 usr  0.04 sys +  1.04 cusr  0.24 csys =  1.49 CPU)
Result: PASS
  GBARR/Scalar-List-Utils-1.23.tar.gz
  /usr/bin/make test -- OK
Running make install
Files found in blib/arch: installing files in blib/lib into architecture dependent library tree
!!!!!!!!!!!!!!!!!!!!!!!!!!!!!!!!!!!!!!!!!!!!!!!!!!!!!!!!!!!!!!!!!!!!!!!!
ERROR: Can't create '/usr/lib/perl/5.12/List'
Do not have write permissions on '/usr/lib/perl/5.12/List'
!!!!!!!!!!!!!!!!!!!!!!!!!!!!!!!!!!!!!!!!!!!!!!!!!!!!!!!!!!!!!!!!!!!!!!!!
 at -e line 1
make: *** [pure_perl_install] Error 13
  GBARR/Scalar-List-Utils-1.23.tar.gz
  /usr/bin/make install  -- NOT OK
----
  You may have to su to root to install the package
  (Or you may want to run something like
    o conf make_install_make_command 'sudo make'
  to raise your permissions.Running install for module 'Test::More'
Running make for M/MS/MSCHWERN/Test-Simple-0.98.tar.gz
Fetching with LWP:
http://gd.tuwien.ac.at/languages/perl/CPAN/authors/id/M/MS/MSCHWERN/Test-Simple-0.98.tar.gz
Checksum for /home/mo/.cpan/sources/authors/id/M/MS/MSCHWERN/Test-Simple-0.98.tar.gz ok

  CPAN.pm: Going to build M/MS/MSCHWERN/Test-Simple-0.98.tar.gz

Checking if your kit is complete...
Looks good
Writing Makefile for Test::Simple
Writing MYMETA.yml and MYMETA.json
cp lib/Test/Builder/Tester/Color.pm blib/lib/Test/Builder/Tester/Color.pm
cp lib/Test/Builder.pm blib/lib/Test/Builder.pm
cp lib/Test/Simple.pm blib/lib/Test/Simple.pm
cp lib/Test/Builder/IO/Scalar.pm blib/lib/Test/Builder/IO/Scalar.pm
cp lib/Test/More.pm blib/lib/Test/More.pm
cp lib/Test/Builder/Module.pm blib/lib/Test/Builder/Module.pm
cp lib/Test/Builder/Tester.pm blib/lib/Test/Builder/Tester.pm
cp lib/Test/Tutorial.pod blib/lib/Test/Tutorial.pod
Manifying blib/man3/Test::Builder::Tester::Color.3pm
Manifying blib/man3/Test::Simple.3pm
Manifying blib/man3/Test::Builder.3pm
Manifying blib/man3/Test::Builder::IO::Scalar.3pm
Manifying blib/man3/Test::More.3pm
Manifying blib/man3/Test::Builder::Tester.3pm
Manifying blib/man3/Test::Builder::Module.3pm
Manifying blib/man3/Test::Tutorial.3pm
  MSCHWERN/Test-Simple-0.98.tar.gz
  /usr/bin/make -- OK
Running make test
PERL_DL_NONLAZY=1 /usr/bin/perl "-MExtUtils::Command::MM" "-e" "test_harness(0, 'blib/lib', 'blib/arch')" t/*.t t/*/*.t
t/00compile.t ........................... t/00compile.t ........................... 1/14                                                  t/00compile.t ........................... ok
t/00test_harness_check.t ................ t/00test_harness_check.t ................ 1/1                                                t/00test_harness_check.t ................ ok
t/bad_plan.t ............................ t/bad_plan.t ............................ 1/2                                                t/bad_plan.t ............................ ok
t/bail_out.t ............................ t/bail_out.t ............................ 1/3                                                t/bail_out.t ............................ ok
t/BEGIN_require_ok.t .................... t/BEGIN_require_ok.t .................... 1/?                                                t/BEGIN_require_ok.t .................... ok
t/BEGIN_use_ok.t ........................ t/BEGIN_use_ok.t ........................ 1/?                                                t/BEGIN_use_ok.t ........................ ok
t/buffer.t .............................. t/buffer.t .............................. 1/20                                                  t/buffer.t .............................. ok
t/Builder/Builder.t ..................... t/Builder/Builder.t ..................... 1/7                                                t/Builder/Builder.t ..................... ok
t/Builder/carp.t ........................ t/Builder/carp.t ........................ 1/3                                                t/Builder/carp.t ........................ ok
t/Builder/create.t ...................... t/Builder/create.t ...................... 1/7                                                t/Builder/create.t ...................... ok
t/Builder/current_test.t ................ t/Builder/current_test.t ................ 1/2                                                t/Builder/current_test.t ................ ok
t/Builder/current_test_without_plan.t ... t/Builder/current_test_without_plan.t ... 1/?                                                t/Builder/current_test_without_plan.t ... ok
t/Builder/details.t ..................... t/Builder/details.t ..................... 1/9                                                t/Builder/details.t ..................... ok
t/Builder/done_testing.t ................ t/Builder/done_testing.t ................ 1/?                                                t/Builder/done_testing.t ................ ok
t/Builder/done_testing_double.t ......... t/Builder/done_testing_double.t ......... 1/1                                                t/Builder/done_testing_double.t ......... ok
t/Builder/done_testing_plan_mismatch.t .. t/Builder/done_testing_plan_mismatch.t .. 1/1                                                t/Builder/done_testing_plan_mismatch.t .. ok
t/Builder/done_testing_with_no_plan.t ... t/Builder/done_testing_with_no_plan.t ... 1/?                                                t/Builder/done_testing_with_no_plan.t ... ok
t/Builder/done_testing_with_number.t .... t/Builder/done_testing_with_number.t .... 1/?                                                t/Builder/done_testing_with_number.t .... ok
t/Builder/done_testing_with_plan.t ...... t/Builder/done_testing_with_plan.t ...... 1/2                                                t/Builder/done_testing_with_plan.t ...... ok
t/Builder/fork_with_new_stdout.t ........ t/Builder/fork_with_new_stdout.t ........ 1/2                                                t/Builder/fork_with_new_stdout.t ........ ok
t/Builder/has_plan.t .................... t/Builder/has_plan.t .................... 1/2                                                t/Builder/has_plan.t .................... ok
t/Builder/has_plan2.t ................... t/Builder/has_plan2.t ................... 1/?                                                t/Builder/has_plan2.t ................... ok
t/Builder/is_fh.t ....................... t/Builder/is_fh.t ....................... 1/11                                                  t/Builder/is_fh.t ....................... ok
t/Builder/is_passing.t .................. t/Builder/is_passing.t .................. 1/?                                                 t/Builder/is_passing.t .................. ok
t/Builder/maybe_regex.t ................. t/Builder/maybe_regex.t ................. 1/16                                                  t/Builder/maybe_regex.t ................. ok
t/Builder/no_diag.t ..................... t/Builder/no_diag.t ..................... 1/2                                                t/Builder/no_diag.t ..................... ok
t/Builder/no_ending.t ................... t/Builder/no_ending.t ................... 1/3                                                t/Builder/no_ending.t ................... ok
t/Builder/no_header.t ................... t/Builder/no_header.t ................... 1/1                                                t/Builder/no_header.t ................... ok
t/Builder/no_plan_at_all.t .............. t/Builder/no_plan_at_all.t .............. 1/1                                                t/Builder/no_plan_at_all.t .............. ok
t/Builder/ok_obj.t ...................... t/Builder/ok_obj.t ...................... 1/4                                                t/Builder/ok_obj.t ...................... ok
t/Builder/output.t ...................... t/Builder/output.t ...................... 1/6                                                t/Builder/output.t ...................... ok
t/Builder/reset.t ....................... t/Builder/reset.t ....................... 1/?                                                 t/Builder/reset.t ....................... ok
t/Builder/reset_outputs.t ............... t/Builder/reset_outputs.t ............... 1/?                                                t/Builder/reset_outputs.t ............... ok
t/Builder/try.t ......................... t/Builder/try.t ......................... 1/?                                                t/Builder/try.t ......................... ok
t/c_flag.t .............................. t/c_flag.t .............................. 1/1                                                t/c_flag.t .............................. ok
t/circular_data.t ....................... t/circular_data.t ....................... 1/11                                                  t/circular_data.t ....................... ok
t/cmp_ok.t .............................. t/cmp_ok.t .............................. 1/20                                                  t/cmp_ok.t .............................. ok
t/dependents.t ..........................                                                t/dependents.t .......................... skipped: Dependents only tested when releasing
t/diag.t ................................ t/diag.t ................................ 1/7                                                t/diag.t ................................ ok
t/died.t ................................ t/died.t ................................ 1/3                                                t/died.t ................................ ok
t/dont_overwrite_die_handler.t .......... t/dont_overwrite_die_handler.t .......... 1/2                                                t/dont_overwrite_die_handler.t .......... ok
t/eq_set.t .............................. t/eq_set.t .............................. 1/4                                                t/eq_set.t .............................. ok
t/exit.t ................................ t/exit.t ................................ 1/? t/exit.t ................................ 178/?                                                  t/exit.t ................................ ok
t/explain.t ............................. t/explain.t ............................. 1/5                                                t/explain.t ............................. ok
t/extra.t ............................... t/extra.t ............................... 1/?                                                t/extra.t ............................... ok
t/extra_one.t ........................... t/extra_one.t ........................... 1/2                                                t/extra_one.t ........................... ok
t/fail-like.t ........................... t/fail-like.t ........................... 1/4                                                t/fail-like.t ........................... ok
t/fail-more.t ........................... t/fail-more.t ........................... 1/80                                                  t/fail-more.t ........................... ok
t/fail.t ................................ t/fail.t ................................ 1/?                                                t/fail.t ................................ ok
t/fail_one.t ............................ t/fail_one.t ............................ 1/?                                                t/fail_one.t ............................ ok
t/filehandles.t ......................... t/filehandles.t ......................... 1/1                                                t/filehandles.t ......................... ok
t/fork.t ................................ t/fork.t ................................ 1/1                                                t/fork.t ................................ ok
t/harness_active.t ...................... t/harness_active.t ...................... 1/4                                                t/harness_active.t ...................... ok
t/import.t .............................. t/import.t .............................. 1/2                                                t/import.t .............................. ok
t/is_deeply_dne_bug.t ................... t/is_deeply_dne_bug.t ................... 1/2                                                t/is_deeply_dne_bug.t ................... ok
t/is_deeply_fail.t ...................... t/is_deeply_fail.t ...................... 1/100                                                    t/is_deeply_fail.t ...................... ok
t/is_deeply_with_threads.t ..............                                                t/is_deeply_with_threads.t .............. skipped: many perls have broken threads.  Enable with AUTHOR_TESTING.
t/missing.t ............................. t/missing.t ............................. 1/2                                                t/missing.t ............................. ok
t/More.t ................................ t/More.t ................................ 1/54                                                  t/More.t ................................ ok
t/new_ok.t .............................. t/new_ok.t .............................. 1/13                                                  t/new_ok.t .............................. ok
t/no_plan.t ............................. t/no_plan.t ............................. 1/7                                                t/no_plan.t ............................. ok
t/no_tests.t ............................ t/no_tests.t ............................ 1/3                                                t/no_tests.t ............................ ok
t/note.t ................................ t/note.t ................................ 1/2                                                t/note.t ................................ ok
t/overload.t ............................ t/overload.t ............................ 1/19                                                  t/overload.t ............................ ok
t/overload_threads.t .................... t/overload_threads.t .................... 1/5                                                t/overload_threads.t .................... ok
t/plan.t ................................ t/plan.t ................................ 1/4                                                t/plan.t ................................ ok
t/plan_bad.t ............................ t/plan_bad.t ............................ 1/12                                                  t/plan_bad.t ............................ ok
t/plan_is_noplan.t ...................... t/plan_is_noplan.t ...................... 1/1                                                t/plan_is_noplan.t ...................... ok
t/plan_no_plan.t ........................ t/plan_no_plan.t ........................ 1/?                                                t/plan_no_plan.t ........................ ok
t/plan_shouldnt_import.t ................ t/plan_shouldnt_import.t ................ 1/1                                                t/plan_shouldnt_import.t ................ ok
t/plan_skip_all.t .......................                                                t/plan_skip_all.t ....................... skipped: Just testing plan & skip_all
t/pod-coverage.t ........................                                                t/pod-coverage.t ........................ skipped: Test::Pod::Coverage 1.08 required for testing POD coverage
t/pod.t .................................                                                t/pod.t ................................. skipped: Test::Pod 1.00 required for testing POD
t/require_ok.t .......................... t/require_ok.t .......................... 1/8                                                t/require_ok.t .......................... ok
t/simple.t .............................. t/simple.t .............................. 1/3                                                t/simple.t .............................. ok
t/Simple/load.t ......................... t/Simple/load.t ......................... 1/1                                                t/Simple/load.t ......................... ok
t/skip.t ................................ t/skip.t ................................ 1/17                                                  t/skip.t ................................ ok
t/skipall.t ............................. t/skipall.t ............................. 1/2                                                t/skipall.t ............................. ok
t/subtest/args.t ........................ t/subtest/args.t ........................ 1/?                                                t/subtest/args.t ........................ ok
t/subtest/basic.t ....................... t/subtest/basic.t ....................... 1/19                                                  t/subtest/basic.t ....................... ok
t/subtest/die.t ......................... t/subtest/die.t ......................... 1/?                                                t/subtest/die.t ......................... ok
t/subtest/do.t .......................... t/subtest/do.t .......................... 1/?                                                t/subtest/do.t .......................... ok
t/subtest/exceptions.t .................. t/subtest/exceptions.t .................. 1/7                                                t/subtest/exceptions.t .................. ok
t/subtest/fork.t ........................ t/subtest/fork.t ........................ 1/1                                                t/subtest/fork.t ........................ ok
t/subtest/implicit_done.t ............... t/subtest/implicit_done.t ............... 1/?                                                t/subtest/implicit_done.t ............... ok
t/subtest/line_numbers.t ................ t/subtest/line_numbers.t ................ 1/5                                                t/subtest/line_numbers.t ................ ok
t/subtest/plan.t ........................ t/subtest/plan.t ........................ 1/6                                                t/subtest/plan.t ........................ ok
t/subtest/predicate.t ................... t/subtest/predicate.t ................... 1/4                                                t/subtest/predicate.t ................... ok
t/subtest/singleton.t ................... t/subtest/singleton.t ................... 1/3                                                t/subtest/singleton.t ................... ok
t/subtest/todo.t ........................ t/subtest/todo.t ........................ 1/96                                                  t/subtest/todo.t ........................ ok
t/subtest/wstat.t ....................... t/subtest/wstat.t ....................... 1/?                                                t/subtest/wstat.t ....................... ok
t/tbm_doesnt_set_exported_to.t .......... t/tbm_doesnt_set_exported_to.t .......... 1/1                                                t/tbm_doesnt_set_exported_to.t .......... ok
t/Tester/tbt_01basic.t .................. t/Tester/tbt_01basic.t .................. 1/9                                                t/Tester/tbt_01basic.t .................. ok
t/Tester/tbt_02fhrestore.t .............. t/Tester/tbt_02fhrestore.t .............. 1/4                                                t/Tester/tbt_02fhrestore.t .............. ok
t/Tester/tbt_03die.t .................... t/Tester/tbt_03die.t .................... 1/1                                                t/Tester/tbt_03die.t .................... ok
t/Tester/tbt_04line_num.t ............... t/Tester/tbt_04line_num.t ............... 1/3                                                t/Tester/tbt_04line_num.t ............... ok
t/Tester/tbt_05faildiag.t ............... t/Tester/tbt_05faildiag.t ............... 1/5                                                t/Tester/tbt_05faildiag.t ............... ok
t/Tester/tbt_06errormess.t .............. t/Tester/tbt_06errormess.t .............. 1/8                                                t/Tester/tbt_06errormess.t .............. ok
t/Tester/tbt_07args.t ................... t/Tester/tbt_07args.t ................... 1/18                                                  t/Tester/tbt_07args.t ................... ok
t/thread_taint.t ........................ t/thread_taint.t ........................ 1/1                                                t/thread_taint.t ........................ ok
t/threads.t ............................. t/threads.t ............................. 1/6                                                t/threads.t ............................. ok
t/todo.t ................................ t/todo.t ................................ 1/36                                                  t/todo.t ................................ ok
t/undef.t ............................... t/undef.t ............................... 1/21                                                  t/undef.t ............................... ok
t/use_ok.t .............................. t/use_ok.t .............................. 1/15                                                  t/use_ok.t .............................. ok
t/useing.t .............................. t/useing.t .............................. 1/5                                                t/useing.t .............................. ok
t/utf8.t ................................ t/utf8.t ................................ 1/5                                                t/utf8.t ................................ ok
t/versions.t ............................ t/versions.t ............................ 1/?                                                t/versions.t ............................ ok
All tests successful.
Files=107, Tests=1168,  4 wallclock secs ( 0.41 usr  0.16 sys +  2.58 cusr  0.57 csys =  3.72 CPU)
Result: PASS
  MSCHWERN/Test-Simple-0.98.tar.gz
  /usr/bin/make test -- OK
Running make install
Manifying blib/man3/Test::Builder::Tester::Color.3pm
Manifying blib/man3/Test::Simple.3pm
Manifying blib/man3/Test::Builder.3pm
Manifying blib/man3/Test::Builder::IO::Scalar.3pm
!!!!!!!!!!!!!!!!!!!!!!!!!!!!!!!!!!!!!!!!!!!!!!!!!!!!!!!!!!!!!!!!!!!!!!!!
ERROR: Can't create '/usr/share/man/man3'
Do not have write permissions on '/usr/share/man/man3'
!!!!!!!!!!!!!!!!!!!!!!!!!!!!!!!!!!!!!!!!!!!!!!!!!!!!!!!!!!!!!!!!!!!!!!!!
 at -e line 1
make: *** [pure_perl_install] Error 13
  MSCHWERN/Test-Simple-0.98.tar.gz
  /usr/bin/make install  -- NOT OK
----
  You may have to su to root to install the package
  (Or you may want to run something like
    o conf make_install_make_command 'sudo make'
  to raise your permissions.Running install for module 'Data::Dumper'
Running make for S/SM/SMUELLER/Data-Dumper-2.131.tar.gz
Fetching with LWP:
http://gd.tuwien.ac.at/languages/perl/CPAN/authors/id/S/SM/SMUELLER/Data-Dumper-2.131.tar.gz
Checksum for /home/mo/.cpan/sources/authors/id/S/SM/SMUELLER/Data-Dumper-2.131.tar.gz ok

  CPAN.pm: Going to build S/SM/SMUELLER/Data-Dumper-2.131.tar.gz

Checking if your kit is complete...
Looks good
Writing Makefile for Data::Dumper
Writing MYMETA.yml and MYMETA.json
cp Dumper.pm blib/lib/Data/Dumper.pm
/usr/bin/perl /usr/share/perl/5.12/ExtUtils/xsubpp  -typemap /usr/share/perl/5.12/ExtUtils/typemap  Dumper.xs > Dumper.xsc && mv Dumper.xsc Dumper.c
cc -c   -D_REENTRANT -D_GNU_SOURCE -DDEBIAN -fno-strict-aliasing -pipe -fstack-protector -I/usr/local/include -D_LARGEFILE_SOURCE -D_FILE_OFFSET_BITS=64 -O2 -g   -DVERSION=\"2.131\" -DXS_VERSION=\"2.131\" -fPIC "-I/usr/lib/perl/5.12/CORE"  -DUSE_PPPORT_H Dumper.c
Running Mkbootstrap for Data::Dumper ()
chmod 644 Dumper.bs
rm -f blib/arch/auto/Data/Dumper/Dumper.so
cc  -shared -O2 -g -L/usr/local/lib -fstack-protector Dumper.o  -o blib/arch/auto/Data/Dumper/Dumper.so 	\
	     	\
	  
chmod 755 blib/arch/auto/Data/Dumper/Dumper.so
cp Dumper.bs blib/arch/auto/Data/Dumper/Dumper.bs
chmod 644 blib/arch/auto/Data/Dumper/Dumper.bs
  SMUELLER/Data-Dumper-2.131.tar.gz
  /usr/bin/make -- OK
Running make test
PERL_DL_NONLAZY=1 /usr/bin/perl "-MExtUtils::Command::MM" "-e" "test_harness(0, 'blib/lib', 'blib/arch')" t/*.t
t/bless.t ....... t/bless.t ....... 1/11                          t/bless.t ....... ok
t/bugs.t ........ t/bugs.t ........ 1/7                        t/bugs.t ........ ok
t/dumper.t ...... t/dumper.t ...... 1/?                          t/dumper.t ...... ok
t/freezer.t ..... t/freezer.t ..... 1/?                        t/freezer.t ..... ok
t/overload.t .... t/overload.t .... 1/4                        t/overload.t .... ok
t/pair.t ........ t/pair.t ........ 1/9                        t/pair.t ........ ok
t/perl-74170.t .. t/perl-74170.t .. 1/1                        t/perl-74170.t .. ok
t/terse.t ....... t/terse.t ....... 1/2                        t/terse.t ....... ok
All tests successful.
Files=8, Tests=420,  0 wallclock secs ( 0.06 usr  0.01 sys +  0.34 cusr  0.04 csys =  0.45 CPU)
Result: PASS
  SMUELLER/Data-Dumper-2.131.tar.gz
  /usr/bin/make test -- OK
Running make install
Files found in blib/arch: installing files in blib/lib into architecture dependent library tree
!!!!!!!!!!!!!!!!!!!!!!!!!!!!!!!!!!!!!!!!!!!!!!!!!!!!!!!!!!!!!!!!!!!!!!!!
ERROR: Can't create '/usr/lib/perl/5.12/Data'
Do not have write permissions on '/usr/lib/perl/5.12/Data'
!!!!!!!!!!!!!!!!!!!!!!!!!!!!!!!!!!!!!!!!!!!!!!!!!!!!!!!!!!!!!!!!!!!!!!!!
 at -e line 1
make: *** [pure_perl_install] Error 13
  SMUELLER/Data-Dumper-2.131.tar.gz
  /usr/bin/make install  -- NOT OK
----
  You may have to su to root to install the package
  (Or you may want to run something like
    o conf make_install_make_command 'sudo make'
  to raise your permissions.Running install for module 'Digest::SHA'
Running make for M/MS/MSHELOR/Digest-SHA-5.70.tar.gz
Fetching with LWP:
http://gd.tuwien.ac.at/languages/perl/CPAN/authors/id/M/MS/MSHELOR/Digest-SHA-5.70.tar.gz
Fetching with LWP:
http://gd.tuwien.ac.at/languages/perl/CPAN/authors/id/M/MS/MSHELOR/CHECKSUMS
Checksum for /home/mo/.cpan/sources/authors/id/M/MS/MSHELOR/Digest-SHA-5.70.tar.gz ok

  CPAN.pm: Going to build M/MS/MSHELOR/Digest-SHA-5.70.tar.gz

Checking if your kit is complete...
Looks good
Writing Makefile for Digest::SHA
Writing MYMETA.yml and MYMETA.json
cp lib/Digest/SHA.pm blib/lib/Digest/SHA.pm
/usr/bin/perl /usr/share/perl/5.12/ExtUtils/xsubpp  -typemap /usr/share/perl/5.12/ExtUtils/typemap -typemap typemap  SHA.xs > SHA.xsc && mv SHA.xsc SHA.c
cc -c  -I. -D_REENTRANT -D_GNU_SOURCE -DDEBIAN -fno-strict-aliasing -pipe -fstack-protector -I/usr/local/include -D_LARGEFILE_SOURCE -D_FILE_OFFSET_BITS=64 -O2 -g   -DVERSION=\"5.70\" -DXS_VERSION=\"5.70\" -fPIC "-I/usr/lib/perl/5.12/CORE"  -DSHA_PERL_MODULE -DSHA_STO_CLASS=static SHA.c
Running Mkbootstrap for Digest::SHA ()
chmod 644 SHA.bs
rm -f blib/arch/auto/Digest/SHA/SHA.so
cc  -shared -O2 -g -L/usr/local/lib -fstack-protector SHA.o  -o blib/arch/auto/Digest/SHA/SHA.so 	\
	     	\
	  
chmod 755 blib/arch/auto/Digest/SHA/SHA.so
cp SHA.bs blib/arch/auto/Digest/SHA/SHA.bs
chmod 644 blib/arch/auto/Digest/SHA/SHA.bs
cp shasum blib/script/shasum
/usr/bin/perl -MExtUtils::MY -e 'MY->fixin(shift)' -- blib/script/shasum
Manifying blib/man1/shasum.1p
Manifying blib/man3/Digest::SHA.3pm
  MSHELOR/Digest-SHA-5.70.tar.gz
  /usr/bin/make -- OK
Running make test
PERL_DL_NONLAZY=1 /usr/bin/perl "-MExtUtils::Command::MM" "-e" "test_harness(0, 'blib/lib', 'blib/arch')" t/*.t
t/allfcns.t .... t/allfcns.t .... 1/1                       t/allfcns.t .... ok
t/base64.t ..... t/base64.t ..... 1/5                       t/base64.t ..... ok
t/bitbuf.t ..... t/bitbuf.t ..... 1/4                       t/bitbuf.t ..... ok
t/dumpload.t ... t/dumpload.t ... 1/4                       t/dumpload.t ... ok
t/fips180-4.t .. t/fips180-4.t .. 1/4                       t/fips180-4.t .. ok
t/fips198.t .... t/fips198.t .... 1/4                       t/fips198.t .... ok
t/gg.t ......... t/gg.t ......... 1/12                         t/gg.t ......... ok
t/gglong.t ..... t/gglong.t ..... 1/8                       t/gglong.t ..... ok
t/hmacsha.t .... t/hmacsha.t .... 1/10                         t/hmacsha.t .... ok
t/ireland.t .... t/ireland.t .... 1/1                       t/ireland.t .... ok
t/methods.t .... t/methods.t .... 1/10                         t/methods.t .... ok
t/nistbit.t .... t/nistbit.t .... 1/10                         t/nistbit.t .... ok
t/nistbyte.t ... t/nistbyte.t ... 1/10                         t/nistbyte.t ... ok
t/pod.t ........                       t/pod.t ........ skipped: Test::Pod 1.00 required for testing POD
t/podcover.t ...                       t/podcover.t ... skipped: Test::Pod::Coverage 0.08 required for testing POD coverage
t/rfc2202.t .... t/rfc2202.t .... 1/7                       t/rfc2202.t .... ok
t/sha1.t ....... t/sha1.t ....... 1/3                       t/sha1.t ....... ok
t/sha224.t ..... t/sha224.t ..... 1/3                       t/sha224.t ..... ok
t/sha256.t ..... t/sha256.t ..... 1/3                       t/sha256.t ..... ok
t/sha384.t ..... t/sha384.t ..... 1/3                       t/sha384.t ..... ok
t/sha512.t ..... t/sha512.t ..... 1/3                       t/sha512.t ..... ok
t/woodbury.t ... t/woodbury.t ... 1/21                         t/woodbury.t ... ok
All tests successful.
Files=22, Tests=126,  0 wallclock secs ( 0.07 usr  0.03 sys +  0.42 cusr  0.12 csys =  0.64 CPU)
Result: PASS
  MSHELOR/Digest-SHA-5.70.tar.gz
  /usr/bin/make test -- OK
Running make install
Files found in blib/arch: installing files in blib/lib into architecture dependent library tree
!!!!!!!!!!!!!!!!!!!!!!!!!!!!!!!!!!!!!!!!!!!!!!!!!!!!!!!!!!!!!!!!!!!!!!!!
ERROR: Can't create '/usr/bin'
Do not have write permissions on '/usr/bin'
!!!!!!!!!!!!!!!!!!!!!!!!!!!!!!!!!!!!!!!!!!!!!!!!!!!!!!!!!!!!!!!!!!!!!!!!
 at -e line 1
make: *** [pure_perl_install] Error 13
  MSHELOR/Digest-SHA-5.70.tar.gz
  /usr/bin/make install  -- NOT OK
----
  You may have to su to root to install the package
  (Or you may want to run something like
    o conf make_install_make_command 'sudo make'
  to raise your permissions.Running install for module 'File::HomeDir'
Running make for A/AD/ADAMK/File-HomeDir-0.98.tar.gz
Checksum for /home/mo/.cpan/sources/authors/id/A/AD/ADAMK/File-HomeDir-0.98.tar.gz ok

  CPAN.pm: Going to build A/AD/ADAMK/File-HomeDir-0.98.tar.gz

Checking if your kit is complete...
Looks good
Warning: prerequisite File::Which 0.05 not found.
Writing Makefile for File::HomeDir
Writing MYMETA.yml and MYMETA.json
---- Unsatisfied dependencies detected during ----
----      ADAMK/File-HomeDir-0.98.tar.gz      ----
    File::Which [requires]
Running make test
  Delayed until after prerequisites
Running make install
  Delayed until after prerequisites
Running install for module 'Compress::Raw::Bzip2'
Running make for P/PM/PMQS/Compress-Raw-Bzip2-2.045.tar.gz
Fetching with LWP:
http://gd.tuwien.ac.at/languages/perl/CPAN/authors/id/P/PM/PMQS/Compress-Raw-Bzip2-2.045.tar.gz
Fetching with LWP:
http://gd.tuwien.ac.at/languages/perl/CPAN/authors/id/P/PM/PMQS/CHECKSUMS
Checksum for /home/mo/.cpan/sources/authors/id/P/PM/PMQS/Compress-Raw-Bzip2-2.045.tar.gz ok

  CPAN.pm: Going to build P/PM/PMQS/Compress-Raw-Bzip2-2.045.tar.gz

Up/Downgrade not needed.
Checking if your kit is complete...
Looks good
Writing Makefile for Compress::Raw::Bzip2
Writing MYMETA.yml and MYMETA.json
cp lib/Compress/Raw/Bzip2.pm blib/lib/Compress/Raw/Bzip2.pm
AutoSplitting blib/lib/Compress/Raw/Bzip2.pm (blib/lib/auto/Compress/Raw/Bzip2)
cc -c  -I. -D_REENTRANT -D_GNU_SOURCE -DDEBIAN -fno-strict-aliasing -pipe -fstack-protector -I/usr/local/include -D_LARGEFILE_SOURCE -D_FILE_OFFSET_BITS=64 -O2 -g   -DVERSION=\"2.045\" -DXS_VERSION=\"2.045\" -fPIC "-I/usr/lib/perl/5.12/CORE"  -DBZ_NO_STDIO -DUSE_PPPORT_H blocksort.c
cc -c  -I. -D_REENTRANT -D_GNU_SOURCE -DDEBIAN -fno-strict-aliasing -pipe -fstack-protector -I/usr/local/include -D_LARGEFILE_SOURCE -D_FILE_OFFSET_BITS=64 -O2 -g   -DVERSION=\"2.045\" -DXS_VERSION=\"2.045\" -fPIC "-I/usr/lib/perl/5.12/CORE"  -DBZ_NO_STDIO -DUSE_PPPORT_H huffman.c
cc -c  -I. -D_REENTRANT -D_GNU_SOURCE -DDEBIAN -fno-strict-aliasing -pipe -fstack-protector -I/usr/local/include -D_LARGEFILE_SOURCE -D_FILE_OFFSET_BITS=64 -O2 -g   -DVERSION=\"2.045\" -DXS_VERSION=\"2.045\" -fPIC "-I/usr/lib/perl/5.12/CORE"  -DBZ_NO_STDIO -DUSE_PPPORT_H crctable.c
cc -c  -I. -D_REENTRANT -D_GNU_SOURCE -DDEBIAN -fno-strict-aliasing -pipe -fstack-protector -I/usr/local/include -D_LARGEFILE_SOURCE -D_FILE_OFFSET_BITS=64 -O2 -g   -DVERSION=\"2.045\" -DXS_VERSION=\"2.045\" -fPIC "-I/usr/lib/perl/5.12/CORE"  -DBZ_NO_STDIO -DUSE_PPPORT_H randtable.c
cc -c  -I. -D_REENTRANT -D_GNU_SOURCE -DDEBIAN -fno-strict-aliasing -pipe -fstack-protector -I/usr/local/include -D_LARGEFILE_SOURCE -D_FILE_OFFSET_BITS=64 -O2 -g   -DVERSION=\"2.045\" -DXS_VERSION=\"2.045\" -fPIC "-I/usr/lib/perl/5.12/CORE"  -DBZ_NO_STDIO -DUSE_PPPORT_H compress.c
cc -c  -I. -D_REENTRANT -D_GNU_SOURCE -DDEBIAN -fno-strict-aliasing -pipe -fstack-protector -I/usr/local/include -D_LARGEFILE_SOURCE -D_FILE_OFFSET_BITS=64 -O2 -g   -DVERSION=\"2.045\" -DXS_VERSION=\"2.045\" -fPIC "-I/usr/lib/perl/5.12/CORE"  -DBZ_NO_STDIO -DUSE_PPPORT_H decompress.c
cc -c  -I. -D_REENTRANT -D_GNU_SOURCE -DDEBIAN -fno-strict-aliasing -pipe -fstack-protector -I/usr/local/include -D_LARGEFILE_SOURCE -D_FILE_OFFSET_BITS=64 -O2 -g   -DVERSION=\"2.045\" -DXS_VERSION=\"2.045\" -fPIC "-I/usr/lib/perl/5.12/CORE"  -DBZ_NO_STDIO -DUSE_PPPORT_H bzlib.c
/usr/bin/perl /usr/share/perl/5.12/ExtUtils/xsubpp  -typemap /usr/share/perl/5.12/ExtUtils/typemap -typemap typemap  Bzip2.xs > Bzip2.xsc && mv Bzip2.xsc Bzip2.c
cc -c  -I. -D_REENTRANT -D_GNU_SOURCE -DDEBIAN -fno-strict-aliasing -pipe -fstack-protector -I/usr/local/include -D_LARGEFILE_SOURCE -D_FILE_OFFSET_BITS=64 -O2 -g   -DVERSION=\"2.045\" -DXS_VERSION=\"2.045\" -fPIC "-I/usr/lib/perl/5.12/CORE"  -DBZ_NO_STDIO -DUSE_PPPORT_H Bzip2.c
Running Mkbootstrap for Compress::Raw::Bzip2 ()
chmod 644 Bzip2.bs
rm -f blib/arch/auto/Compress/Raw/Bzip2/Bzip2.so
cc  -shared -O2 -g -L/usr/local/lib -fstack-protector blocksort.o huffman.o crctable.o randtable.o compress.o decompress.o bzlib.o Bzip2.o   -o blib/arch/auto/Compress/Raw/Bzip2/Bzip2.so 	\
	     	\
	  
chmod 755 blib/arch/auto/Compress/Raw/Bzip2/Bzip2.so
cp Bzip2.bs blib/arch/auto/Compress/Raw/Bzip2/Bzip2.bs
chmod 644 blib/arch/auto/Compress/Raw/Bzip2/Bzip2.bs
Manifying blib/man3/Compress::Raw::Bzip2.3pm
  PMQS/Compress-Raw-Bzip2-2.045.tar.gz
  /usr/bin/make -- OK
Running make test
PERL_DL_NONLAZY=1 /usr/bin/perl "-MExtUtils::Command::MM" "-e" "test_harness(0, 'blib/lib', 'blib/arch')" t/*.t
t/000prereq.t ...... t/000prereq.t ...... 1/1                           t/000prereq.t ...... ok
t/01bzip2.t ........ t/01bzip2.t ........ 1/173                               t/01bzip2.t ........ ok
t/09limitoutput.t .. t/09limitoutput.t .. 1/88                             t/09limitoutput.t .. ok
t/99pod.t ..........                           t/99pod.t .......... skipped: Test::Pod 1.00 required for testing POD
All tests successful.
Files=4, Tests=262,  0 wallclock secs ( 0.05 usr  0.01 sys +  0.32 cusr  0.03 csys =  0.41 CPU)
Result: PASS
  PMQS/Compress-Raw-Bzip2-2.045.tar.gz
  /usr/bin/make test -- OK
Running make install
Files found in blib/arch: installing files in blib/lib into architecture dependent library tree
!!!!!!!!!!!!!!!!!!!!!!!!!!!!!!!!!!!!!!!!!!!!!!!!!!!!!!!!!!!!!!!!!!!!!!!!
ERROR: Can't create '/usr/lib/perl/5.12/Compress/Raw'
Do not have write permissions on '/usr/lib/perl/5.12/Compress/Raw'
!!!!!!!!!!!!!!!!!!!!!!!!!!!!!!!!!!!!!!!!!!!!!!!!!!!!!!!!!!!!!!!!!!!!!!!!
 at -e line 1
make: *** [pure_perl_install] Error 13
  PMQS/Compress-Raw-Bzip2-2.045.tar.gz
  /usr/bin/make install  -- NOT OK
----
  You may have to su to root to install the package
  (Or you may want to run something like
    o conf make_install_make_command 'sudo make'
  to raise your permissions.Running install for module 'Compress::Raw::Zlib'
Running make for P/PM/PMQS/Compress-Raw-Zlib-2.045.tar.gz
Fetching with LWP:
http://gd.tuwien.ac.at/languages/perl/CPAN/authors/id/P/PM/PMQS/Compress-Raw-Zlib-2.045.tar.gz
Checksum for /home/mo/.cpan/sources/authors/id/P/PM/PMQS/Compress-Raw-Zlib-2.045.tar.gz ok

  CPAN.pm: Going to build P/PM/PMQS/Compress-Raw-Zlib-2.045.tar.gz

Parsing config.in...
Building Zlib enabled
Auto Detect Gzip OS Code..
Setting Gzip OS Code to 3 [Unix/Default]
Looks Good.
Up/Downgrade not needed.
Checking if your kit is complete...
Looks good
Writing Makefile for Compress::Raw::Zlib
Writing MYMETA.yml and MYMETA.json
cp lib/Compress/Raw/Zlib.pm blib/lib/Compress/Raw/Zlib.pm
AutoSplitting blib/lib/Compress/Raw/Zlib.pm (blib/lib/auto/Compress/Raw/Zlib)
/usr/bin/perl /usr/share/perl/5.12/ExtUtils/xsubpp  -typemap /usr/share/perl/5.12/ExtUtils/typemap -typemap typemap  Zlib.xs > Zlib.xsc && mv Zlib.xsc Zlib.c
cc -c  -I./zlib-src -D_REENTRANT -D_GNU_SOURCE -DDEBIAN -fno-strict-aliasing -pipe -fstack-protector -I/usr/local/include -D_LARGEFILE_SOURCE -D_FILE_OFFSET_BITS=64 -O2 -g   -DVERSION=\"2.045\" -DXS_VERSION=\"2.045\" -fPIC "-I/usr/lib/perl/5.12/CORE"  -DNO_VIZ   -DGZIP_OS_CODE=3 -DUSE_PPPORT_H Zlib.c
cc -c  -I./zlib-src -D_REENTRANT -D_GNU_SOURCE -DDEBIAN -fno-strict-aliasing -pipe -fstack-protector -I/usr/local/include -D_LARGEFILE_SOURCE -D_FILE_OFFSET_BITS=64 -O2 -g   -DVERSION=\"2.045\" -DXS_VERSION=\"2.045\" -fPIC "-I/usr/lib/perl/5.12/CORE"  -DNO_VIZ   -DGZIP_OS_CODE=3 -DUSE_PPPORT_H adler32.c
cc -c  -I./zlib-src -D_REENTRANT -D_GNU_SOURCE -DDEBIAN -fno-strict-aliasing -pipe -fstack-protector -I/usr/local/include -D_LARGEFILE_SOURCE -D_FILE_OFFSET_BITS=64 -O2 -g   -DVERSION=\"2.045\" -DXS_VERSION=\"2.045\" -fPIC "-I/usr/lib/perl/5.12/CORE"  -DNO_VIZ   -DGZIP_OS_CODE=3 -DUSE_PPPORT_H crc32.c
cc -c  -I./zlib-src -D_REENTRANT -D_GNU_SOURCE -DDEBIAN -fno-strict-aliasing -pipe -fstack-protector -I/usr/local/include -D_LARGEFILE_SOURCE -D_FILE_OFFSET_BITS=64 -O2 -g   -DVERSION=\"2.045\" -DXS_VERSION=\"2.045\" -fPIC "-I/usr/lib/perl/5.12/CORE"  -DNO_VIZ   -DGZIP_OS_CODE=3 -DUSE_PPPORT_H infback.c
cc -c  -I./zlib-src -D_REENTRANT -D_GNU_SOURCE -DDEBIAN -fno-strict-aliasing -pipe -fstack-protector -I/usr/local/include -D_LARGEFILE_SOURCE -D_FILE_OFFSET_BITS=64 -O2 -g   -DVERSION=\"2.045\" -DXS_VERSION=\"2.045\" -fPIC "-I/usr/lib/perl/5.12/CORE"  -DNO_VIZ   -DGZIP_OS_CODE=3 -DUSE_PPPORT_H inflate.c
cc -c  -I./zlib-src -D_REENTRANT -D_GNU_SOURCE -DDEBIAN -fno-strict-aliasing -pipe -fstack-protector -I/usr/local/include -D_LARGEFILE_SOURCE -D_FILE_OFFSET_BITS=64 -O2 -g   -DVERSION=\"2.045\" -DXS_VERSION=\"2.045\" -fPIC "-I/usr/lib/perl/5.12/CORE"  -DNO_VIZ   -DGZIP_OS_CODE=3 -DUSE_PPPORT_H uncompr.c
cc -c  -I./zlib-src -D_REENTRANT -D_GNU_SOURCE -DDEBIAN -fno-strict-aliasing -pipe -fstack-protector -I/usr/local/include -D_LARGEFILE_SOURCE -D_FILE_OFFSET_BITS=64 -O2 -g   -DVERSION=\"2.045\" -DXS_VERSION=\"2.045\" -fPIC "-I/usr/lib/perl/5.12/CORE"  -DNO_VIZ   -DGZIP_OS_CODE=3 -DUSE_PPPORT_H compress.c
cc -c  -I./zlib-src -D_REENTRANT -D_GNU_SOURCE -DDEBIAN -fno-strict-aliasing -pipe -fstack-protector -I/usr/local/include -D_LARGEFILE_SOURCE -D_FILE_OFFSET_BITS=64 -O2 -g   -DVERSION=\"2.045\" -DXS_VERSION=\"2.045\" -fPIC "-I/usr/lib/perl/5.12/CORE"  -DNO_VIZ   -DGZIP_OS_CODE=3 -DUSE_PPPORT_H deflate.c
cc -c  -I./zlib-src -D_REENTRANT -D_GNU_SOURCE -DDEBIAN -fno-strict-aliasing -pipe -fstack-protector -I/usr/local/include -D_LARGEFILE_SOURCE -D_FILE_OFFSET_BITS=64 -O2 -g   -DVERSION=\"2.045\" -DXS_VERSION=\"2.045\" -fPIC "-I/usr/lib/perl/5.12/CORE"  -DNO_VIZ   -DGZIP_OS_CODE=3 -DUSE_PPPORT_H inffast.c
cc -c  -I./zlib-src -D_REENTRANT -D_GNU_SOURCE -DDEBIAN -fno-strict-aliasing -pipe -fstack-protector -I/usr/local/include -D_LARGEFILE_SOURCE -D_FILE_OFFSET_BITS=64 -O2 -g   -DVERSION=\"2.045\" -DXS_VERSION=\"2.045\" -fPIC "-I/usr/lib/perl/5.12/CORE"  -DNO_VIZ   -DGZIP_OS_CODE=3 -DUSE_PPPORT_H inftrees.c
cc -c  -I./zlib-src -D_REENTRANT -D_GNU_SOURCE -DDEBIAN -fno-strict-aliasing -pipe -fstack-protector -I/usr/local/include -D_LARGEFILE_SOURCE -D_FILE_OFFSET_BITS=64 -O2 -g   -DVERSION=\"2.045\" -DXS_VERSION=\"2.045\" -fPIC "-I/usr/lib/perl/5.12/CORE"  -DNO_VIZ   -DGZIP_OS_CODE=3 -DUSE_PPPORT_H trees.c
cc -c  -I./zlib-src -D_REENTRANT -D_GNU_SOURCE -DDEBIAN -fno-strict-aliasing -pipe -fstack-protector -I/usr/local/include -D_LARGEFILE_SOURCE -D_FILE_OFFSET_BITS=64 -O2 -g   -DVERSION=\"2.045\" -DXS_VERSION=\"2.045\" -fPIC "-I/usr/lib/perl/5.12/CORE"  -DNO_VIZ   -DGZIP_OS_CODE=3 -DUSE_PPPORT_H zutil.c
Running Mkbootstrap for Compress::Raw::Zlib ()
chmod 644 Zlib.bs
rm -f blib/arch/auto/Compress/Raw/Zlib/Zlib.so
cc  -shared -O2 -g -L/usr/local/lib -fstack-protector Zlib.o adler32.o crc32.o infback.o inflate.o uncompr.o compress.o deflate.o inffast.o inftrees.o trees.o zutil.o   -o blib/arch/auto/Compress/Raw/Zlib/Zlib.so 	\
	     	\
	  
chmod 755 blib/arch/auto/Compress/Raw/Zlib/Zlib.so
cp Zlib.bs blib/arch/auto/Compress/Raw/Zlib/Zlib.bs
chmod 644 blib/arch/auto/Compress/Raw/Zlib/Zlib.bs
Manifying blib/man3/Compress::Raw::Zlib.3pm
  PMQS/Compress-Raw-Zlib-2.045.tar.gz
  /usr/bin/make -- OK
Running make test
PERL_DL_NONLAZY=1 /usr/bin/perl "-MExtUtils::Command::MM" "-e" "test_harness(0, 'blib/lib', 'blib/arch')" t/*.t
t/000prereq.t ...... t/000prereq.t ...... 1/1                           t/000prereq.t ...... ok
t/01version.t ...... t/01version.t ...... 1/2                           t/01version.t ...... ok
t/02zlib.t ......... t/02zlib.t ......... 1/300                               t/02zlib.t ......... ok
t/07bufsize.t ...... t/07bufsize.t ...... 1/288 t/07bufsize.t ...... 25/288                               t/07bufsize.t ...... ok
t/09limitoutput.t .. t/09limitoutput.t .. 1/98                             t/09limitoutput.t .. ok
t/18lvalue.t ....... t/18lvalue.t ....... 1/10                             t/18lvalue.t ....... ok
t/99pod.t ..........                           t/99pod.t .......... skipped: Test::Pod 1.00 required for testing POD
All tests successful.
Files=7, Tests=699,  1 wallclock secs ( 0.10 usr  0.02 sys +  1.58 cusr  0.08 csys =  1.78 CPU)
Result: PASS
  PMQS/Compress-Raw-Zlib-2.045.tar.gz
  /usr/bin/make test -- OK
Running make install
Files found in blib/arch: installing files in blib/lib into architecture dependent library tree
!!!!!!!!!!!!!!!!!!!!!!!!!!!!!!!!!!!!!!!!!!!!!!!!!!!!!!!!!!!!!!!!!!!!!!!!
ERROR: Can't create '/usr/lib/perl/5.12/Compress/Raw'
Do not have write permissions on '/usr/lib/perl/5.12/Compress/Raw'
!!!!!!!!!!!!!!!!!!!!!!!!!!!!!!!!!!!!!!!!!!!!!!!!!!!!!!!!!!!!!!!!!!!!!!!!
 at -e line 1
make: *** [pure_perl_install] Error 13
  PMQS/Compress-Raw-Zlib-2.045.tar.gz
  /usr/bin/make install  -- NOT OK
----
  You may have to su to root to install the package
  (Or you may want to run something like
    o conf make_install_make_command 'sudo make'
  to raise your permissions.Running install for module 'IO::Compress::Base'
Running make for P/PM/PMQS/IO-Compress-2.046.tar.gz
Fetching with LWP:
http://gd.tuwien.ac.at/languages/perl/CPAN/authors/id/P/PM/PMQS/IO-Compress-2.046.tar.gz
Checksum for /home/mo/.cpan/sources/authors/id/P/PM/PMQS/IO-Compress-2.046.tar.gz ok

  CPAN.pm: Going to build P/PM/PMQS/IO-Compress-2.046.tar.gz

Up/Downgrade not needed.
Checking if your kit is complete...
Looks good
Writing Makefile for IO::Compress
Writing MYMETA.yml and MYMETA.json
cp lib/IO/Uncompress/Adapter/Bunzip2.pm blib/lib/IO/Uncompress/Adapter/Bunzip2.pm
cp lib/IO/Uncompress/RawInflate.pm blib/lib/IO/Uncompress/RawInflate.pm
cp lib/Compress/Zlib.pm blib/lib/Compress/Zlib.pm
cp lib/IO/Uncompress/Inflate.pm blib/lib/IO/Uncompress/Inflate.pm
cp lib/IO/Compress/Deflate.pm blib/lib/IO/Compress/Deflate.pm
cp lib/IO/Compress/Adapter/Deflate.pm blib/lib/IO/Compress/Adapter/Deflate.pm
cp lib/IO/Uncompress/Adapter/Identity.pm blib/lib/IO/Uncompress/Adapter/Identity.pm
cp lib/IO/Compress/Zip.pm blib/lib/IO/Compress/Zip.pm
cp lib/IO/Uncompress/Base.pm blib/lib/IO/Uncompress/Base.pm
cp lib/IO/Compress/Gzip/Constants.pm blib/lib/IO/Compress/Gzip/Constants.pm
cp lib/IO/Compress/Zlib/Extra.pm blib/lib/IO/Compress/Zlib/Extra.pm
cp lib/IO/Compress/Base.pm blib/lib/IO/Compress/Base.pm
cp lib/IO/Compress/Zip/Constants.pm blib/lib/IO/Compress/Zip/Constants.pm
cp lib/File/GlobMapper.pm blib/lib/File/GlobMapper.pm
cp lib/IO/Compress/Zlib/Constants.pm blib/lib/IO/Compress/Zlib/Constants.pm
cp lib/IO/Compress/Adapter/Identity.pm blib/lib/IO/Compress/Adapter/Identity.pm
cp lib/IO/Uncompress/Adapter/Inflate.pm blib/lib/IO/Uncompress/Adapter/Inflate.pm
cp lib/IO/Uncompress/Unzip.pm blib/lib/IO/Uncompress/Unzip.pm
cp lib/IO/Compress/Base/Common.pm blib/lib/IO/Compress/Base/Common.pm
cp lib/IO/Uncompress/Bunzip2.pm blib/lib/IO/Uncompress/Bunzip2.pm
cp lib/IO/Uncompress/Gunzip.pm blib/lib/IO/Uncompress/Gunzip.pm
cp lib/IO/Uncompress/AnyUncompress.pm blib/lib/IO/Uncompress/AnyUncompress.pm
cp lib/IO/Compress/Adapter/Bzip2.pm blib/lib/IO/Compress/Adapter/Bzip2.pm
cp lib/IO/Compress/RawDeflate.pm blib/lib/IO/Compress/RawDeflate.pm
cp lib/IO/Compress/FAQ.pod blib/lib/IO/Compress/FAQ.pod
cp lib/IO/Uncompress/AnyInflate.pm blib/lib/IO/Uncompress/AnyInflate.pm
cp lib/IO/Compress/Gzip.pm blib/lib/IO/Compress/Gzip.pm
cp lib/IO/Compress/Bzip2.pm blib/lib/IO/Compress/Bzip2.pm
cp bin/zipdetails blib/script/zipdetails
/usr/bin/perl -MExtUtils::MY -e 'MY->fixin(shift)' -- blib/script/zipdetails
Manifying blib/man1/zipdetails.1p
Manifying blib/man3/IO::Uncompress::RawInflate.3pm
Manifying blib/man3/IO::Uncompress::Unzip.3pm
Manifying blib/man3/Compress::Zlib.3pm
Manifying blib/man3/IO::Uncompress::Inflate.3pm
Manifying blib/man3/IO::Compress::Deflate.3pm
Manifying blib/man3/IO::Uncompress::Bunzip2.3pm
Manifying blib/man3/IO::Compress::Zip.3pm
Manifying blib/man3/IO::Uncompress::Gunzip.3pm
Manifying blib/man3/IO::Uncompress::Base.3pm
Manifying blib/man3/IO::Uncompress::AnyUncompress.3pm
Manifying blib/man3/IO::Compress::RawDeflate.3pm
Manifying blib/man3/IO::Compress::FAQ.3pm
Manifying blib/man3/IO::Compress::Base.3pm
Manifying blib/man3/File::GlobMapper.3pm
Manifying blib/man3/IO::Uncompress::AnyInflate.3pm
Manifying blib/man3/IO::Compress::Gzip.3pm
Manifying blib/man3/IO::Compress::Bzip2.3pm
  PMQS/IO-Compress-2.046.tar.gz
  /usr/bin/make -- OK
Running make test
PERL_DL_NONLAZY=1 /usr/bin/perl "-MExtUtils::Command::MM" "-e" "test_harness(0, 'blib/lib', 'blib/arch')" t/*.t
t/000prereq.t ................... t/000prereq.t ................... 1/30                                          t/000prereq.t ................... ok
t/001bzip2.t .................... t/001bzip2.t .................... 1/841                                            t/001bzip2.t .................... ok
t/001zlib-generic-deflate.t ..... t/001zlib-generic-deflate.t ..... 1/49                                          t/001zlib-generic-deflate.t ..... ok
t/001zlib-generic-gzip.t ........ t/001zlib-generic-gzip.t ........ 1/49                                          t/001zlib-generic-gzip.t ........ ok
t/001zlib-generic-rawdeflate.t .. t/001zlib-generic-rawdeflate.t .. 1/49                                          t/001zlib-generic-rawdeflate.t .. ok
t/001zlib-generic-zip.t ......... t/001zlib-generic-zip.t ......... 1/49                                          t/001zlib-generic-zip.t ......... ok
t/002any-deflate.t .............. t/002any-deflate.t .............. 1/48                                          t/002any-deflate.t .............. ok
t/002any-gzip.t ................. t/002any-gzip.t ................. 1/48                                          t/002any-gzip.t ................. ok
t/002any-rawdeflate.t ........... t/002any-rawdeflate.t ........... 1/48                                          t/002any-rawdeflate.t ........... ok
t/002any-transparent.t .......... t/002any-transparent.t .......... 1/15                                          t/002any-transparent.t .......... ok
t/002any-zip.t .................. t/002any-zip.t .................. 1/48                                          t/002any-zip.t .................. ok
t/004gziphdr.t .................. t/004gziphdr.t .................. 1/918 t/004gziphdr.t .................. 766/918                                            t/004gziphdr.t .................. ok
t/005defhdr.t ................... t/005defhdr.t ................... 1/595                                            t/005defhdr.t ................... ok
t/006zip.t ...................... t/006zip.t ...................... 1/91                                          t/006zip.t ...................... ok
t/010examples-bzip2.t ........... t/010examples-bzip2.t ........... 1/19                                          t/010examples-bzip2.t ........... ok
t/010examples-zlib.t ............ t/010examples-zlib.t ............ 1/19 t/010examples-zlib.t ............ 2/19                                          t/010examples-zlib.t ............ ok
t/01misc.t ...................... t/01misc.t ...................... 1/140                                            t/01misc.t ...................... ok
t/020isize.t ....................                                        t/020isize.t .................... skipped: Lengthy Tests Disabled
t/050interop-gzip.t ............. t/050interop-gzip.t ............. 1/7                                        t/050interop-gzip.t ............. ok
t/100generic-bzip2.t ............ t/100generic-bzip2.t ............ 1/794 t/100generic-bzip2.t ............ 292/794                                            t/100generic-bzip2.t ............ ok
t/100generic-deflate.t .......... t/100generic-deflate.t .......... 1/794                                            t/100generic-deflate.t .......... ok
t/100generic-gzip.t ............. t/100generic-gzip.t ............. 1/794 t/100generic-gzip.t ............. 280/794                                            t/100generic-gzip.t ............. ok
t/100generic-rawdeflate.t ....... t/100generic-rawdeflate.t ....... 1/794                                            t/100generic-rawdeflate.t ....... ok
t/100generic-zip.t .............. t/100generic-zip.t .............. 1/794 t/100generic-zip.t .............. 50/794                                            t/100generic-zip.t .............. ok
t/101truncate-bzip2.t ........... t/101truncate-bzip2.t ........... 1/4012 t/101truncate-bzip2.t ........... 2191/4012                                              t/101truncate-bzip2.t ........... ok
t/101truncate-deflate.t ......... t/101truncate-deflate.t ......... 1/3056 t/101truncate-deflate.t ......... 2431/3056                                              t/101truncate-deflate.t ......... ok
t/101truncate-gzip.t ............ t/101truncate-gzip.t ............ 1/3544 t/101truncate-gzip.t ............ 2786/3544                                              t/101truncate-gzip.t ............ ok
t/101truncate-rawdeflate.t ...... t/101truncate-rawdeflate.t ...... 1/625                                            t/101truncate-rawdeflate.t ...... ok
t/101truncate-zip.t ............. t/101truncate-zip.t ............. 1/9156 t/101truncate-zip.t ............. 1543/9156 t/101truncate-zip.t ............. 5263/9156                                              t/101truncate-zip.t ............. ok
t/102tied-bzip2.t ............... t/102tied-bzip2.t ............... 1/249                                            t/102tied-bzip2.t ............... ok
t/102tied-deflate.t ............. t/102tied-deflate.t ............. 1/249                                            t/102tied-deflate.t ............. ok
t/102tied-gzip.t ................ t/102tied-gzip.t ................ 1/249 t/102tied-gzip.t ................ 90/249                                            t/102tied-gzip.t ................ ok
t/102tied-rawdeflate.t .......... t/102tied-rawdeflate.t .......... 1/249                                            t/102tied-rawdeflate.t .......... ok
t/102tied-zip.t ................. t/102tied-zip.t ................. 1/249 t/102tied-zip.t ................. 233/249                                            t/102tied-zip.t ................. ok
t/103newtied-bzip2.t ............ t/103newtied-bzip2.t ............ 1/84                                          t/103newtied-bzip2.t ............ ok
t/103newtied-deflate.t .......... t/103newtied-deflate.t .......... 1/84                                          t/103newtied-deflate.t .......... ok
t/103newtied-gzip.t ............. t/103newtied-gzip.t ............. 1/84                                          t/103newtied-gzip.t ............. ok
t/103newtied-rawdeflate.t ....... t/103newtied-rawdeflate.t ....... 1/84                                          t/103newtied-rawdeflate.t ....... ok
t/103newtied-zip.t .............. t/103newtied-zip.t .............. 1/84                                          t/103newtied-zip.t .............. ok
t/104destroy-bzip2.t ............ t/104destroy-bzip2.t ............ 1/15                                          t/104destroy-bzip2.t ............ ok
t/104destroy-deflate.t .......... t/104destroy-deflate.t .......... 1/15                                          t/104destroy-deflate.t .......... ok
t/104destroy-gzip.t ............. t/104destroy-gzip.t ............. 1/15                                          t/104destroy-gzip.t ............. ok
t/104destroy-rawdeflate.t ....... t/104destroy-rawdeflate.t ....... 1/15                                          t/104destroy-rawdeflate.t ....... ok
t/104destroy-zip.t .............. t/104destroy-zip.t .............. 1/15                                          t/104destroy-zip.t .............. ok
t/105oneshot-bzip2.t ............ t/105oneshot-bzip2.t ............ 1/989 t/105oneshot-bzip2.t ............ 545/989                                            t/105oneshot-bzip2.t ............ ok
t/105oneshot-deflate.t .......... t/105oneshot-deflate.t .......... 1/989                                            t/105oneshot-deflate.t .......... ok
t/105oneshot-gzip-only.t ........ t/105oneshot-gzip-only.t ........ 1/70 t/105oneshot-gzip-only.t ........ 4/70 t/105oneshot-gzip-only.t ........ 15/70 t/105oneshot-gzip-only.t ........ 48/70                                          t/105oneshot-gzip-only.t ........ ok
t/105oneshot-gzip.t ............. t/105oneshot-gzip.t ............. 1/989                                            t/105oneshot-gzip.t ............. ok
t/105oneshot-rawdeflate.t ....... t/105oneshot-rawdeflate.t ....... 1/989                                            t/105oneshot-rawdeflate.t ....... ok
t/105oneshot-zip-bzip2-only.t ... t/105oneshot-zip-bzip2-only.t ... 1/248                                            t/105oneshot-zip-bzip2-only.t ... ok
t/105oneshot-zip-only.t ......... t/105oneshot-zip-only.t ......... 1/216 t/105oneshot-zip-only.t ......... 4/216 t/105oneshot-zip-only.t ......... 15/216 t/105oneshot-zip-only.t ......... 48/216                                            t/105oneshot-zip-only.t ......... ok
t/105oneshot-zip-store-only.t ... t/105oneshot-zip-store-only.t ... 1/1058 t/105oneshot-zip-store-only.t ... 93/1058 t/105oneshot-zip-store-only.t ... 225/1058 t/105oneshot-zip-store-only.t ... 337/1058 t/105oneshot-zip-store-only.t ... 489/1058 t/105oneshot-zip-store-only.t ... 629/1058 t/105oneshot-zip-store-only.t ... 757/1058 t/105oneshot-zip-store-only.t ... 865/1058 t/105oneshot-zip-store-only.t ... 1017/1058                                              t/105oneshot-zip-store-only.t ... ok
t/105oneshot-zip.t .............. t/105oneshot-zip.t .............. 1/989 t/105oneshot-zip.t .............. 593/989                                            t/105oneshot-zip.t .............. ok
t/106prime-bzip2.t .............. t/106prime-bzip2.t .............. 1/? t/106prime-bzip2.t .............. 1325/?                                           t/106prime-bzip2.t .............. ok
t/106prime-deflate.t ............ t/106prime-deflate.t ............ 1/? t/106prime-deflate.t ............ 411/?                                           t/106prime-deflate.t ............ ok
t/106prime-gzip.t ............... t/106prime-gzip.t ............... 1/? t/106prime-gzip.t ............... 184/? t/106prime-gzip.t ............... 2480/?                                           t/106prime-gzip.t ............... ok
t/106prime-rawdeflate.t ......... t/106prime-rawdeflate.t ......... 1/? t/106prime-rawdeflate.t ......... 648/?                                           t/106prime-rawdeflate.t ......... ok
t/106prime-zip.t ................ t/106prime-zip.t ................ 1/? t/106prime-zip.t ................ 583/? t/106prime-zip.t ................ 2522/? t/106prime-zip.t ................ 4729/? t/106prime-zip.t ................ 7522/?                                            t/106prime-zip.t ................ ok
t/107multi-bzip2.t .............. t/107multi-bzip2.t .............. 1/1828 t/107multi-bzip2.t .............. 654/1828                                              t/107multi-bzip2.t .............. ok
t/107multi-deflate.t ............ t/107multi-deflate.t ............ 1/1828                                              t/107multi-deflate.t ............ ok
t/107multi-gzip.t ............... t/107multi-gzip.t ............... 1/1828 t/107multi-gzip.t ............... 1250/1828                                              t/107multi-gzip.t ............... ok
t/107multi-rawdeflate.t ......... t/107multi-rawdeflate.t ......... 1/1828                                              t/107multi-rawdeflate.t ......... ok
t/107multi-zip.t ................ t/107multi-zip.t ................ 1/1828 t/107multi-zip.t ................ 1440/1828                                              t/107multi-zip.t ................ ok
t/108anyunc-bzip2.t ............. t/108anyunc-bzip2.t ............. 1/48                                          t/108anyunc-bzip2.t ............. ok
t/108anyunc-deflate.t ........... t/108anyunc-deflate.t ........... 1/48                                          t/108anyunc-deflate.t ........... ok
t/108anyunc-gzip.t .............. t/108anyunc-gzip.t .............. 1/48                                          t/108anyunc-gzip.t .............. ok
t/108anyunc-rawdeflate.t ........ t/108anyunc-rawdeflate.t ........ 1/48                                          t/108anyunc-rawdeflate.t ........ ok
t/108anyunc-transparent.t ....... t/108anyunc-transparent.t ....... 1/15                                          t/108anyunc-transparent.t ....... ok
t/108anyunc-zip.t ............... t/108anyunc-zip.t ............... 1/48                                          t/108anyunc-zip.t ............... ok
t/109merge-deflate.t ............ t/109merge-deflate.t ............ 1/165                                            t/109merge-deflate.t ............ ok
t/109merge-gzip.t ............... t/109merge-gzip.t ............... 1/165                                            t/109merge-gzip.t ............... ok
t/109merge-rawdeflate.t ......... t/109merge-rawdeflate.t ......... 1/165                                            t/109merge-rawdeflate.t ......... ok
t/109merge-zip.t ................                                        t/109merge-zip.t ................ skipped: not implemented yet
t/110encode-bzip2.t ............. t/110encode-bzip2.t ............. 1/7                                        t/110encode-bzip2.t ............. ok
t/110encode-deflate.t ........... t/110encode-deflate.t ........... 1/7                                        t/110encode-deflate.t ........... ok
t/110encode-gzip.t .............. t/110encode-gzip.t .............. 1/7 t/110encode-gzip.t .............. 6/7                                        t/110encode-gzip.t .............. ok
t/110encode-rawdeflate.t ........ t/110encode-rawdeflate.t ........ 1/7                                        t/110encode-rawdeflate.t ........ ok
t/110encode-zip.t ............... t/110encode-zip.t ............... 1/7                                        t/110encode-zip.t ............... ok
t/999pod.t ......................                                        t/999pod.t ...................... skipped: Test::Pod 1.00 required for testing POD
t/cz-01version.t ................ t/cz-01version.t ................ 1/2                                        t/cz-01version.t ................ ok
t/cz-03zlib-v1.t ................ t/cz-03zlib-v1.t ................ 1/456                                            t/cz-03zlib-v1.t ................ ok
t/cz-05examples.t ............... t/cz-05examples.t ............... 1/26 t/cz-05examples.t ............... 10/26                                          t/cz-05examples.t ............... ok
t/cz-06gzsetp.t ................. t/cz-06gzsetp.t ................. 1/51                                          t/cz-06gzsetp.t ................. ok
t/cz-08encoding.t ............... t/cz-08encoding.t ............... 1/29                                          t/cz-08encoding.t ............... ok
t/cz-14gzopen.t ................. t/cz-14gzopen.t ................. 1/255                                            t/cz-14gzopen.t ................. ok
t/globmapper.t .................. t/globmapper.t .................. 1/68                                          t/globmapper.t .................. ok
All tests successful.
Files=86, Tests=71426, 61 wallclock secs ( 7.48 usr  0.37 sys + 39.78 cusr  1.91 csys = 49.54 CPU)
Result: PASS
  PMQS/IO-Compress-2.046.tar.gz
  /usr/bin/make test -- OK
Running make install
Manifying blib/man1/zipdetails.1p
Manifying blib/man3/IO::Uncompress::RawInflate.3pm
Manifying blib/man3/IO::Uncompress::Unzip.3pm
Manifying blib/man3/Compress::Zlib.3pm
Manifying blib/man3/IO::Uncompress::Inflate.3pm
!!!!!!!!!!!!!!!!!!!!!!!!!!!!!!!!!!!!!!!!!!!!!!!!!!!!!!!!!!!!!!!!!!!!!!!!
ERROR: Can't create '/usr/bin'
Do not have write permissions on '/usr/bin'
!!!!!!!!!!!!!!!!!!!!!!!!!!!!!!!!!!!!!!!!!!!!!!!!!!!!!!!!!!!!!!!!!!!!!!!!
 at -e line 1
make: *** [pure_perl_install] Error 13
  PMQS/IO-Compress-2.046.tar.gz
  /usr/bin/make install  -- NOT OK
----
  You may have to su to root to install the package
  (Or you may want to run something like
    o conf make_install_make_command 'sudo make'
  to raise your permissions.Running install for module 'IO::Uncompress::Gunzip'
Running make for P/PM/PMQS/IO-Compress-2.046.tar.gz
  Has already been unwrapped into directory /home/mo/.cpan/build/IO-Compress-2.046-oZp8wZ
  Has already been made
Running make test
  Has already been tested successfully
Running make install
  Already tried without success
Running install for module 'Compress::Zlib'
Running make for P/PM/PMQS/IO-Compress-2.046.tar.gz
  Has already been unwrapped into directory /home/mo/.cpan/build/IO-Compress-2.046-oZp8wZ
  Has already been made
Running make test
  Has already been tested successfully
Running make install
  Already tried without success
IO::Zlib is up to date (1.10).
Running install for module 'Archive::Tar'
Running make for B/BI/BINGOS/Archive-Tar-1.82.tar.gz
Fetching with LWP:
http://gd.tuwien.ac.at/languages/perl/CPAN/authors/id/B/BI/BINGOS/Archive-Tar-1.82.tar.gz
Fetching with LWP:
http://gd.tuwien.ac.at/languages/perl/CPAN/authors/id/B/BI/BINGOS/CHECKSUMS
Checksum for /home/mo/.cpan/sources/authors/id/B/BI/BINGOS/Archive-Tar-1.82.tar.gz ok

  CPAN.pm: Going to build B/BI/BINGOS/Archive-Tar-1.82.tar.gz


Archive::Tar comes with a utility called 'ptardiff' which lets you run diffs against tar archives.

However, this utility requires you to have Text::Diff installed.

To add Text::Diff as a prerequisite, please supply the '-d' option when invoking this Makefile.PL.

Checking if your kit is complete...
Looks good
Writing Makefile for Archive::Tar
Writing MYMETA.yml and MYMETA.json
cp lib/Archive/Tar/Constant.pm blib/lib/Archive/Tar/Constant.pm
cp lib/Archive/Tar.pm blib/lib/Archive/Tar.pm
cp lib/Archive/Tar/File.pm blib/lib/Archive/Tar/File.pm
cp bin/ptargrep blib/script/ptargrep
/usr/bin/perl -MExtUtils::MY -e 'MY->fixin(shift)' -- blib/script/ptargrep
cp bin/ptardiff blib/script/ptardiff
/usr/bin/perl -MExtUtils::MY -e 'MY->fixin(shift)' -- blib/script/ptardiff
cp bin/ptar blib/script/ptar
/usr/bin/perl -MExtUtils::MY -e 'MY->fixin(shift)' -- blib/script/ptar
Manifying blib/man1/ptargrep.1p
Manifying blib/man1/ptardiff.1p
Manifying blib/man1/ptar.1p
Manifying blib/man3/Archive::Tar.3pm
Manifying blib/man3/Archive::Tar::File.3pm
  BINGOS/Archive-Tar-1.82.tar.gz
  /usr/bin/make -- OK
Running make test
PERL_DL_NONLAZY=1 /usr/bin/perl "-MExtUtils::Command::MM" "-e" "test_harness(0, 'blib/lib', 'blib/arch')" t/*.t
t/01_use.t .............. t/01_use.t .............. 1/2                                t/01_use.t .............. ok
t/02_methods.t .......... t/02_methods.t .......... 1/?                                  t/02_methods.t .......... ok
t/03_file.t ............. t/03_file.t ............. 1/?                                  t/03_file.t ............. ok
t/04_resolved_issues.t .. t/04_resolved_issues.t .. 1/?                                 t/04_resolved_issues.t .. ok
t/05_iter.t ............. t/05_iter.t ............. 1/?                                 t/05_iter.t ............. ok
t/06_error.t ............ t/06_error.t ............ 1/?                                 t/06_error.t ............ ok
t/90_symlink.t ..........                                t/90_symlink.t .......... skipped: Skipping tests on this platform
t/99_pod.t ..............                                t/99_pod.t .............. skipped: Test::Pod v0.95 required for testing POD
All tests successful.
Files=8, Tests=1217,  1 wallclock secs ( 0.15 usr  0.03 sys +  1.10 cusr  0.12 csys =  1.40 CPU)
Result: PASS
  BINGOS/Archive-Tar-1.82.tar.gz
  /usr/bin/make test -- OK
Running make install
!!!!!!!!!!!!!!!!!!!!!!!!!!!!!!!!!!!!!!!!!!!!!!!!!!!!!!!!!!!!!!!!!!!!!!!!
ERROR: Can't create '/usr/bin'
Do not have write permissions on '/usr/bin'
!!!!!!!!!!!!!!!!!!!!!!!!!!!!!!!!!!!!!!!!!!!!!!!!!!!!!!!!!!!!!!!!!!!!!!!!
 at -e line 1
make: *** [pure_perl_install] Error 13
  BINGOS/Archive-Tar-1.82.tar.gz
  /usr/bin/make install  -- NOT OK
----
  You may have to su to root to install the package
  (Or you may want to run something like
    o conf make_install_make_command 'sudo make'
  to raise your permissions.Running install for module 'Archive::Zip'
Running make for A/AD/ADAMK/Archive-Zip-1.30.tar.gz
Fetching with LWP:
http://gd.tuwien.ac.at/languages/perl/CPAN/authors/id/A/AD/ADAMK/Archive-Zip-1.30.tar.gz
Checksum for /home/mo/.cpan/sources/authors/id/A/AD/ADAMK/Archive-Zip-1.30.tar.gz ok

  CPAN.pm: Going to build A/AD/ADAMK/Archive-Zip-1.30.tar.gz

Checking if your kit is complete...
Looks good
Writing Makefile for Archive::Zip
Writing MYMETA.yml and MYMETA.json
cp lib/Archive/Zip/MemberRead.pm blib/lib/Archive/Zip/MemberRead.pm
cp lib/Archive/Zip/MockFileHandle.pm blib/lib/Archive/Zip/MockFileHandle.pm
cp lib/Archive/Zip/FileMember.pm blib/lib/Archive/Zip/FileMember.pm
cp lib/Archive/Zip/BufferedFileHandle.pm blib/lib/Archive/Zip/BufferedFileHandle.pm
cp lib/Archive/Zip/StringMember.pm blib/lib/Archive/Zip/StringMember.pm
cp lib/Archive/Zip/Tree.pm blib/lib/Archive/Zip/Tree.pm
cp lib/Archive/Zip/Member.pm blib/lib/Archive/Zip/Member.pm
cp lib/Archive/Zip/FAQ.pod blib/lib/Archive/Zip/FAQ.pod
cp lib/Archive/Zip.pm blib/lib/Archive/Zip.pm
cp lib/Archive/Zip/Archive.pm blib/lib/Archive/Zip/Archive.pm
cp lib/Archive/Zip/ZipFileMember.pm blib/lib/Archive/Zip/ZipFileMember.pm
cp lib/Archive/Zip/DirectoryMember.pm blib/lib/Archive/Zip/DirectoryMember.pm
cp lib/Archive/Zip/NewFileMember.pm blib/lib/Archive/Zip/NewFileMember.pm
cp script/crc32 blib/script/crc32
/usr/bin/perl -MExtUtils::MY -e 'MY->fixin(shift)' -- blib/script/crc32
Manifying blib/man3/Archive::Zip::Tree.3pm
Manifying blib/man3/Archive::Zip::FAQ.3pm
Manifying blib/man3/Archive::Zip.3pm
Manifying blib/man3/Archive::Zip::MemberRead.3pm
  ADAMK/Archive-Zip-1.30.tar.gz
  /usr/bin/make -- OK
Running make test
PERL_DL_NONLAZY=1 /usr/bin/perl "-MExtUtils::Command::MM" "-e" "test_harness(0, 'blib/lib', 'blib/arch')" t/*.t
t/01_compile.t ................ t/01_compile.t ................ 1/2                                      t/01_compile.t ................ ok
t/02_main.t ................... t/02_main.t ................... 1/141                                          t/02_main.t ................... ok
t/03_ex.t ..................... t/03_ex.t ..................... 1/17 t/03_ex.t ..................... 5/17                                        t/03_ex.t ..................... ok
t/04_readmember.t ............. t/04_readmember.t ............. 1/8                                      t/04_readmember.t ............. ok
t/05_tree.t ................... t/05_tree.t ................... 1/6                                      t/05_tree.t ................... ok
t/06_update.t ................. t/06_update.t ................. 1/12                                        t/06_update.t ................. ok
t/07_filenames_of_0.t ......... t/07_filenames_of_0.t ......... 1/1                                      t/07_filenames_of_0.t ......... ok
t/08_readmember_record_sep.t .. t/08_readmember_record_sep.t .. 1/13                                        t/08_readmember_record_sep.t .. ok
t/09_output_record_sep.t ...... t/09_output_record_sep.t ...... 1/6                                      t/09_output_record_sep.t ...... ok
t/10_chmod.t .................. t/10_chmod.t .................. 1/1                                      t/10_chmod.t .................. ok
t/11_explorer.t ............... t/11_explorer.t ............... 1/4                                      t/11_explorer.t ............... ok
t/12_bug_47223.t ..............                                      t/12_bug_47223.t .............. skipped: Only required on Win32.
t/97_meta.t ...................                                      t/97_meta.t ................... skipped: Author tests not required for installation
t/98_pod.t ....................                                      t/98_pod.t .................... skipped: Author tests not required for installation
t/99_pmv.t ....................                                      t/99_pmv.t .................... skipped: Author tests not required for installation
All tests successful.
Files=15, Tests=211,  2 wallclock secs ( 0.10 usr  0.02 sys +  1.93 cusr  0.37 csys =  2.42 CPU)
Result: PASS
  ADAMK/Archive-Zip-1.30.tar.gz
  /usr/bin/make test -- OK
Running make install
!!!!!!!!!!!!!!!!!!!!!!!!!!!!!!!!!!!!!!!!!!!!!!!!!!!!!!!!!!!!!!!!!!!!!!!!
ERROR: Can't create '/usr/local/bin'
Do not have write permissions on '/usr/local/bin'
!!!!!!!!!!!!!!!!!!!!!!!!!!!!!!!!!!!!!!!!!!!!!!!!!!!!!!!!!!!!!!!!!!!!!!!!
 at -e line 1
make: *** [pure_site_install] Error 13
  ADAMK/Archive-Zip-1.30.tar.gz
  /usr/bin/make install  -- NOT OK
----
  You may have to su to root to install the package
  (Or you may want to run something like
    o conf make_install_make_command 'sudo make'
  to raise your permissions.Net::Cmd is up to date (2.29).
Net::FTP is up to date (2.77).
Term::ReadKey is up to date (2.30).
Running install for module 'Term::ReadLine::Perl'
Running make for I/IL/ILYAZ/modules/Term-ReadLine-Perl-1.0303.tar.gz
Fetching with LWP:
http://gd.tuwien.ac.at/languages/perl/CPAN/authors/id/I/IL/ILYAZ/modules/Term-ReadLine-Perl-1.0303.tar.gz
Fetching with LWP:
http://gd.tuwien.ac.at/languages/perl/CPAN/authors/id/I/IL/ILYAZ/modules/CHECKSUMS
Checksum for /home/mo/.cpan/sources/authors/id/I/IL/ILYAZ/modules/Term-ReadLine-Perl-1.0303.tar.gz ok

  CPAN.pm: Going to build I/IL/ILYAZ/modules/Term-ReadLine-Perl-1.0303.tar.gz

Checking if your kit is complete...
Looks good
Writing Makefile for Term::ReadLine
Writing MYMETA.yml and MYMETA.json
cp ReadLine/Perl.pm blib/lib/Term/ReadLine/Perl.pm
cp ReadLine/readline.pm blib/lib/Term/ReadLine/readline.pm
  ILYAZ/modules/Term-ReadLine-Perl-1.0303.tar.gz
  /usr/bin/make -- OK
Running make test
PERL_DL_NONLAZY=1 /usr/bin/perl "-Iblib/lib" "-Iblib/arch" test.pl
Use of uninitialized value $ENV{"PERL_RL_TEST_PROMPT_MINLEN"} in bitwise or (|) at test.pl line 33.
 at test.pl line 33
Features present: preput 1 getHistory 1 addHistory 1 attribs 1 ornaments 1 appname 1 minline 1 autohistory 1 newTTY 1 tkRunning 1 setHistory 1

  Flipping rl_default_selected each line.

	Hint: Entering the word
		exit
	would exit the test. ;-)  (If feature 'preput' is present,
	this word should be already entered.)

                                                                                  [4mEnter arithmetic or Perl expression:[24m [1mexit[0m